Command line:
   t_union_isim_beh.exe
     -simmode  gui
     -simrunnum  0
     -socket  52556

Thu May 18 13:24:31 2017


 Elaboration Time: 0.171601 sec

 Current Memory Usage: 660.275 Meg

 Total Signals          : 54
 Total Nets             : 70
 Total Signal Drivers   : 18
 Total Blocks           : 11
 Total Primitive Blocks : 9
 Total Processes        : 10
 Total Traceable Variables  : 29
 Total Scalar Nets and Variables : 660
Total Line Count : 52

 Total Simulation Time: 0.234002 sec

 Current Memory Usage: 660.275 Meg

Thu May 18 13:44:26 2017

