Vivado Simulator 2017.4
Time resolution is 1 ps
Error: STD_LOGIC_1164.HREAD Error: Read a ' ', expected a Hex character (0-F).
Time: 0 ps  Iteration: 0  Process: /Datos_tb/stim_proc  File: C:/Users/geoge/Desktop/Arquitectura/Arquitectura/Practica6/Datos/Datos_tb.vhd
Error: STD_LOGIC_1164.READ(STD_ULOGIC) Error: Character '2' read, expected STD_ULOGIC literal.
Time: 0 ps  Iteration: 0  Process: /Datos_tb/stim_proc  File: C:/Users/geoge/Desktop/Arquitectura/Arquitectura/Practica6/Datos/Datos_tb.vhd
Error: STD_LOGIC_1164.HREAD Error: Read a ' ', expected a Hex character (0-F).
Time: 5 ns  Iteration: 1  Process: /Datos_tb/stim_proc  File: C:/Users/geoge/Desktop/Arquitectura/Arquitectura/Practica6/Datos/Datos_tb.vhd
Error: STD_LOGIC_1164.READ(STD_ULOGIC) Error: Character '2' read, expected STD_ULOGIC literal.
Time: 5 ns  Iteration: 1  Process: /Datos_tb/stim_proc  File: C:/Users/geoge/Desktop/Arquitectura/Arquitectura/Practica6/Datos/Datos_tb.vhd
Error: STD_LOGIC_1164.HREAD Error: Read a ' ', expected a Hex character (0-F).
Time: 15 ns  Iteration: 1  Process: /Datos_tb/stim_proc  File: C:/Users/geoge/Desktop/Arquitectura/Arquitectura/Practica6/Datos/Datos_tb.vhd
Error: STD_LOGIC_1164.READ(STD_ULOGIC) Error: Character '2' read, expected STD_ULOGIC literal.
Time: 15 ns  Iteration: 1  Process: /Datos_tb/stim_proc  File: C:/Users/geoge/Desktop/Arquitectura/Arquitectura/Practica6/Datos/Datos_tb.vhd
Error: STD_LOGIC_1164.HREAD Error: Read a ' ', expected a Hex character (0-F).
Time: 25 ns  Iteration: 1  Process: /Datos_tb/stim_proc  File: C:/Users/geoge/Desktop/Arquitectura/Arquitectura/Practica6/Datos/Datos_tb.vhd
Error: STD_LOGIC_1164.READ(STD_ULOGIC) Error: Character '2' read, expected STD_ULOGIC literal.
Time: 25 ns  Iteration: 1  Process: /Datos_tb/stim_proc  File: C:/Users/geoge/Desktop/Arquitectura/Arquitectura/Practica6/Datos/Datos_tb.vhd
Error: STD_LOGIC_1164.HREAD Error: Read a ' ', expected a Hex character (0-F).
Time: 35 ns  Iteration: 1  Process: /Datos_tb/stim_proc  File: C:/Users/geoge/Desktop/Arquitectura/Arquitectura/Practica6/Datos/Datos_tb.vhd
Error: STD_LOGIC_1164.READ(STD_ULOGIC) Error: Character '2' read, expected STD_ULOGIC literal.
Time: 35 ns  Iteration: 1  Process: /Datos_tb/stim_proc  File: C:/Users/geoge/Desktop/Arquitectura/Arquitectura/Practica6/Datos/Datos_tb.vhd
Error: STD_LOGIC_1164.HREAD Error: Read a ' ', expected a Hex character (0-F).
Time: 45 ns  Iteration: 1  Process: /Datos_tb/stim_proc  File: C:/Users/geoge/Desktop/Arquitectura/Arquitectura/Practica6/Datos/Datos_tb.vhd
Error: STD_LOGIC_1164.READ(STD_ULOGIC) Error: Character '2' read, expected STD_ULOGIC literal.
Time: 45 ns  Iteration: 1  Process: /Datos_tb/stim_proc  File: C:/Users/geoge/Desktop/Arquitectura/Arquitectura/Practica6/Datos/Datos_tb.vhd
Error: STD_LOGIC_1164.HREAD Error: Read a ' ', expected a Hex character (0-F).
Time: 55 ns  Iteration: 1  Process: /Datos_tb/stim_proc  File: C:/Users/geoge/Desktop/Arquitectura/Arquitectura/Practica6/Datos/Datos_tb.vhd
Error: STD_LOGIC_1164.READ(STD_ULOGIC) Error: Character '2' read, expected STD_ULOGIC literal.
Time: 55 ns  Iteration: 1  Process: /Datos_tb/stim_proc  File: C:/Users/geoge/Desktop/Arquitectura/Arquitectura/Practica6/Datos/Datos_tb.vhd
Error: STD_LOGIC_1164.HREAD Error: Read a ' ', expected a Hex character (0-F).
Time: 65 ns  Iteration: 1  Process: /Datos_tb/stim_proc  File: C:/Users/geoge/Desktop/Arquitectura/Arquitectura/Practica6/Datos/Datos_tb.vhd
Error: STD_LOGIC_1164.READ(STD_ULOGIC) Error: Character '2' read, expected STD_ULOGIC literal.
Time: 65 ns  Iteration: 1  Process: /Datos_tb/stim_proc  File: C:/Users/geoge/Desktop/Arquitectura/Arquitectura/Practica6/Datos/Datos_tb.vhd
Error: STD_LOGIC_1164.HREAD Error: Read a ' ', expected a Hex character (0-F).
Time: 75 ns  Iteration: 1  Process: /Datos_tb/stim_proc  File: C:/Users/geoge/Desktop/Arquitectura/Arquitectura/Practica6/Datos/Datos_tb.vhd
Error: STD_LOGIC_1164.READ(STD_ULOGIC) Error: Character '2' read, expected STD_ULOGIC literal.
Time: 75 ns  Iteration: 1  Process: /Datos_tb/stim_proc  File: C:/Users/geoge/Desktop/Arquitectura/Arquitectura/Practica6/Datos/Datos_tb.vhd
Error: STD_LOGIC_1164.HREAD Error: Read a ' ', expected a Hex character (0-F).
Time: 85 ns  Iteration: 1  Process: /Datos_tb/stim_proc  File: C:/Users/geoge/Desktop/Arquitectura/Arquitectura/Practica6/Datos/Datos_tb.vhd
Error: STD_LOGIC_1164.READ(STD_ULOGIC) Error: Character '2' read, expected STD_ULOGIC literal.
Time: 85 ns  Iteration: 1  Process: /Datos_tb/stim_proc  File: C:/Users/geoge/Desktop/Arquitectura/Arquitectura/Practica6/Datos/Datos_tb.vhd
Error: STD_LOGIC_1164.HREAD Error: Read a ' ', expected a Hex character (0-F).
Time: 95 ns  Iteration: 1  Process: /Datos_tb/stim_proc  File: C:/Users/geoge/Desktop/Arquitectura/Arquitectura/Practica6/Datos/Datos_tb.vhd
Error: STD_LOGIC_1164.READ(STD_ULOGIC) Error: Character '2' read, expected STD_ULOGIC literal.
Time: 95 ns  Iteration: 1  Process: /Datos_tb/stim_proc  File: C:/Users/geoge/Desktop/Arquitectura/Arquitectura/Practica6/Datos/Datos_tb.vhd
Error: STD_LOGIC_1164.HREAD Error: Read a ' ', expected a Hex character (0-F).
Time: 105 ns  Iteration: 1  Process: /Datos_tb/stim_proc  File: C:/Users/geoge/Desktop/Arquitectura/Arquitectura/Practica6/Datos/Datos_tb.vhd
Error: STD_LOGIC_1164.READ(STD_ULOGIC) Error: Character '2' read, expected STD_ULOGIC literal.
Time: 105 ns  Iteration: 1  Process: /Datos_tb/stim_proc  File: C:/Users/geoge/Desktop/Arquitectura/Arquitectura/Practica6/Datos/Datos_tb.vhd
