Command line:
   t_union3_isim_beh.exe
     -simmode  gui
     -simrunnum  0
     -socket  53256

Thu May 18 15:21:47 2017


 Elaboration Time: 0.171601 sec

 Current Memory Usage: 659.816 Meg

 Total Signals          : 67
 Total Nets             : 71
 Total Signal Drivers   : 24
 Total Blocks           : 11
 Total Primitive Blocks : 9
 Total Processes        : 17
 Total Traceable Variables  : 29
 Total Scalar Nets and Variables : 661
Total Line Count : 56

 Total Simulation Time: 0.249601 sec

 Current Memory Usage: 659.816 Meg

Thu May 18 15:22:06 2017

