#-----------------------------------------------------------
# PlanAhead v14.7
# Build 321239 by xbuild on Fri Sep 27 19:31:35 MDT 2013
# Start of session at: Wed May 17 14:31:14 2017
# Process ID: 3796
# Log file: C:/Users/Acer/Desktop/Arquitectura/p7/contador/planAhead_run_2/planAhead.log
# Journal file: C:/Users/Acer/Desktop/Arquitectura/p7/contador/planAhead_run_2/planAhead.jou
#-----------------------------------------------------------
INFO: [Common 17-78] Attempting to get a license: PlanAhead
INFO: [Common 17-290] Got license for PlanAhead
INFO: [Common 17-86] Your PlanAhead license expires in -778 day(s)
ERROR: [Common 17-49] Internal Data Exception: ArchXML: file does not exist: /parts/arch.xml

Could not load library 'librdi_coretasks' needed by 'core', please check installation.
    while executing
"error "$result\nCould not load library '$library' needed by '$feature', please check installation.""
    (procedure "rdi::load_library" line 4)
    invoked from within
"rdi::load_library core librdi_coretasks"
    (file "C:/Xilinx/14.7/ISE_DS/PlanAhead\lib\scripts\rdi\features\core\core.tcl" line 5)
ERROR: [Common 17-217] Failed to load feature 'core'.

    while executing
"source -notrace {C:/Xilinx/14.7/ISE_DS/PlanAhead\lib\scripts\rdi\features\core\core.tcl}"
    invoked from within
"load_features base core planahead ipservices"
    (file "C:/Xilinx/14.7/ISE_DS/PlanAhead/lib/scripts/rdi/products/PlanAhead.tcl" line 5)
INFO: [Common 17-206] Exiting PlanAhead at Wed May 17 14:31:15 2017...
INFO: [Common 17-83] Releasing license: PlanAhead
