Release 14.7 - xst P.20131013 (nt)
Copyright (c) 1995-2013 Xilinx, Inc.  All rights reserved.
--> Parameter TMPDIR set to xst/projnav.tmp


Total REAL time to Xst completion: 1.00 secs
Total CPU time to Xst completion: 0.43 secs
 
--> Parameter xsthdpdir set to xst


Total REAL time to Xst completion: 1.00 secs
Total CPU time to Xst completion: 0.43 secs
 
--> Reading design: ESCOMIPS.prj

TABLE OF CONTENTS
  1) Synthesis Options Summary
  2) HDL Parsing
  3) HDL Elaboration
  4) HDL Synthesis
       4.1) HDL Synthesis Report
  5) Advanced HDL Synthesis
       5.1) Advanced HDL Synthesis Report
  6) Low Level Synthesis
  7) Partition Report
  8) Design Summary
       8.1) Primitive and Black Box Usage
       8.2) Device utilization summary
       8.3) Partition Resource Summary
       8.4) Timing Report
            8.4.1) Clock Information
            8.4.2) Asynchronous Control Signals Information
            8.4.3) Timing Summary
            8.4.4) Timing Details
            8.4.5) Cross Clock Domains Report


=========================================================================
*                      Synthesis Options Summary                        *
=========================================================================
---- Source Parameters
Input File Name                    : "ESCOMIPS.prj"
Ignore Synthesis Constraint File   : NO

---- Target Parameters
Output File Name                   : "ESCOMIPS"
Output Format                      : NGC
Target Device                      : xc7a100t-3-csg324

---- Source Options
Top Module Name                    : ESCOMIPS
Automatic FSM Extraction           : YES
FSM Encoding Algorithm             : Auto
Safe Implementation                : No
FSM Style                          : LUT
RAM Extraction                     : Yes
RAM Style                          : Auto
ROM Extraction                     : Yes
Shift Register Extraction          : YES
ROM Style                          : Auto
Resource Sharing                   : YES
Asynchronous To Synchronous        : NO
Shift Register Minimum Size        : 2
Use DSP Block                      : Auto
Automatic Register Balancing       : No

---- Target Options
LUT Combining                      : Auto
Reduce Control Sets                : Auto
Add IO Buffers                     : YES
Global Maximum Fanout              : 100000
Add Generic Clock Buffer(BUFG)     : 32
Register Duplication               : YES
Optimize Instantiated Primitives   : NO
Use Clock Enable                   : Auto
Use Synchronous Set                : Auto
Use Synchronous Reset              : Auto
Pack IO Registers into IOBs        : Auto
Equivalent register Removal        : YES

---- General Options
Optimization Goal                  : Speed
Optimization Effort                : 1
Power Reduction                    : NO
Keep Hierarchy                     : No
Netlist Hierarchy                  : As_Optimized
RTL Output                         : Yes
Global Optimization                : AllClockNets
Read Cores                         : YES
Write Timing Constraints           : NO
Cross Clock Analysis               : NO
Hierarchy Separator                : /
Bus Delimiter                      : <>
Case Specifier                     : Maintain
Slice Utilization Ratio            : 100
BRAM Utilization Ratio             : 100
DSP48 Utilization Ratio            : 100
Auto BRAM Packing                  : NO
Slice Utilization Ratio Delta      : 5

=========================================================================


=========================================================================
*                          HDL Parsing                                  *
=========================================================================
Parsing VHDL file "C:\Users\Acer\Desktop\Arquitectura\P9\Union\packet.vhd" into library work
Parsing package <packet>.
Parsing VHDL file "C:\Users\Acer\Desktop\Arquitectura\P9\unicontrol\unicontrol.vhd" into library work
Parsing entity <unicontrol>.
Parsing architecture <Behavioral> of entity <unicontrol>.
Parsing VHDL file "C:\Users\Acer\Desktop\Arquitectura\P9\regEdo\regEdo2.vhd" into library work
Parsing entity <regEdo2>.
Parsing architecture <Behavioral> of entity <regedo2>.
Parsing VHDL file "C:\Users\Acer\Desktop\Arquitectura\P9\nivel\nivel.vhd" into library work
Parsing entity <nivel>.
Parsing architecture <Behavioral> of entity <nivel>.
Parsing VHDL file "C:\Users\Acer\Desktop\Arquitectura\P9\microOpCode\microOpCode.vhd" into library work
Parsing entity <microOpCode>.
Parsing architecture <Behavioral> of entity <microopcode>.
Parsing VHDL file "C:\Users\Acer\Desktop\Arquitectura\P9\microFuncion\microFuncion.vhd" into library work
Parsing entity <microFuncion>.
Parsing architecture <Behavioral> of entity <microfuncion>.
Parsing VHDL file "C:\Users\Acer\Desktop\Arquitectura\P9\decoInst\decoInst.vhd" into library work
Parsing entity <decoInst>.
Parsing architecture <Behavioral> of entity <decoinst>.
Parsing VHDL file "C:\Users\Acer\Desktop\Arquitectura\P9\condicion\condicion.vhd" into library work
Parsing entity <condicion>.
Parsing architecture <Behavioral> of entity <condicion>.
Parsing VHDL file "C:\Users\Acer\Desktop\Arquitectura\P9\Union\Union.vhd" into library work
Parsing entity <Union>.
Parsing architecture <Behavioral> of entity <union>.
Parsing VHDL file "C:\Users\Acer\Desktop\Arquitectura\p6\pila\pila.vhd" into library work
Parsing entity <pila>.
Parsing architecture <Behavioral> of entity <pila>.
Parsing VHDL file "C:\Users\Acer\Desktop\Arquitectura\p6\memProg\memProg.vhd" into library work
Parsing entity <memProg>.
Parsing architecture <Behavioral> of entity <memprog>.
Parsing VHDL file "C:\Users\Acer\Desktop\Arquitectura\p5\p5\p5.vhd" into library work
Parsing entity <p5>.
Parsing architecture <Behavioral> of entity <p5>.
Parsing VHDL file "C:\Users\Acer\Desktop\Arquitectura\p4\p4.vhd" into library work
Parsing entity <p4>.
Parsing architecture <A_p4> of entity <p4>.
Parsing VHDL file "C:\Users\Acer\Desktop\Arquitectura\P3\P3.vhd" into library work
Parsing entity <ALU_4bits>.
Parsing architecture <A_ALU_4bits> of entity <alu_4bits>.
Parsing VHDL file "C:\Users\Acer\Desktop\Arquitectura\ESCOMIPS\paketaxo.vhd" into library work
Parsing package <paketaxo>.
Parsing VHDL file "C:\Users\Acer\Desktop\Arquitectura\ESCOMIPS\extensorS\extensorS.vhd" into library work
Parsing entity <extensorS>.
Parsing architecture <Behavioral> of entity <extensors>.
Parsing VHDL file "C:\Users\Acer\Desktop\Arquitectura\ESCOMIPS\extensorD\extensorD.vhd" into library work
Parsing entity <extensorD>.
Parsing architecture <Behavioral> of entity <extensord>.
Parsing VHDL file "C:\Users\Acer\Desktop\Arquitectura\ESCOMIPS\ESCOMIPS.vhd" into library work
Parsing entity <ESCOMIPS>.
Parsing architecture <Behavioral> of entity <escomips>.

=========================================================================
*                            HDL Elaboration                            *
=========================================================================

Elaborating entity <ESCOMIPS> (architecture <Behavioral>) from library <work>.

Elaborating entity <memProg> (architecture <Behavioral>) with generics from library <work>.

Elaborating entity <pila> (architecture <Behavioral>) with generics from library <work>.

Elaborating entity <p5> (architecture <Behavioral>) with generics from library <work>.

Elaborating entity <extensorD> (architecture <Behavioral>) from library <work>.

Elaborating entity <extensorS> (architecture <Behavioral>) from library <work>.

Elaborating entity <ALU_4bits> (architecture <A_ALU_4bits>) with generics from library <work>.

Elaborating entity <p4> (architecture <A_p4>) with generics from library <work>.

Elaborating entity <Union> (architecture <Behavioral>) from library <work>.

Elaborating entity <condicion> (architecture <Behavioral>) from library <work>.

Elaborating entity <decoInst> (architecture <Behavioral>) from library <work>.

Elaborating entity <microFuncion> (architecture <Behavioral>) with generics from library <work>.

Elaborating entity <microOpCode> (architecture <Behavioral>) with generics from library <work>.

Elaborating entity <nivel> (architecture <Behavioral>) from library <work>.

Elaborating entity <regEdo2> (architecture <Behavioral>) from library <work>.

Elaborating entity <unicontrol> (architecture <Behavioral>) from library <work>.

=========================================================================
*                           HDL Synthesis                               *
=========================================================================

Synthesizing Unit <ESCOMIPS>.
    Related source file is "C:\Users\Acer\Desktop\Arquitectura\ESCOMIPS\ESCOMIPS.vhd".
    Found 1-bit register for signal <clear2>.
    Summary:
	inferred   1 D-type flip-flop(s).
	inferred   8 Multiplexer(s).
Unit <ESCOMIPS> synthesized.

Synthesizing Unit <memProg>.
    Related source file is "C:\Users\Acer\Desktop\Arquitectura\p6\memProg\memProg.vhd".
        bus_dir = 9
        bus_datos = 25
    Found 512x25-bit Read Only RAM for signal <data_out>
    Summary:
	inferred   1 RAM(s).
Unit <memProg> synthesized.

Synthesizing Unit <pila>.
    Related source file is "C:\Users\Acer\Desktop\Arquitectura\p6\pila\pila.vhd".
        n = 8
    Found 16-bit register for signal <aux<0>>.
    Found 16-bit register for signal <aux<1>>.
    Found 16-bit register for signal <aux<2>>.
    Found 16-bit register for signal <aux<3>>.
    Found 16-bit register for signal <aux<4>>.
    Found 16-bit register for signal <aux<5>>.
    Found 16-bit register for signal <aux<6>>.
    Found 16-bit register for signal <aux<7>>.
    Found 3-bit register for signal <sp>.
    Found 3-bit adder for signal <sp[2]_GND_8_o_add_30_OUT> created at line 40.
    Found 16-bit adder for signal <sp[2]_GND_8_o_add_51_OUT> created at line 46.
    Found 16-bit adder for signal <GND_8_o_GND_8_o_add_63_OUT> created at line 49.
    Found 3-bit subtractor for signal <GND_8_o_GND_8_o_sub_62_OUT<2:0>> created at line 48.
    Found 16-bit 8-to-1 multiplexer for signal <n0235> created at line 49.
    Found 16-bit 8-to-1 multiplexer for signal <BUS_PC> created at line 54.
    Summary:
	inferred   4 Adder/Subtractor(s).
	inferred 131 D-type flip-flop(s).
	inferred  35 Multiplexer(s).
Unit <pila> synthesized.

Synthesizing Unit <p5>.
    Related source file is "C:\Users\Acer\Desktop\Arquitectura\p5\p5\p5.vhd".
        bus_dir = 11
        bus_datos = 16
    Found 2048x16-bit single-port RAM <Mram_aux> for signal <aux>.
    Summary:
	inferred   1 RAM(s).
Unit <p5> synthesized.

Synthesizing Unit <extensorD>.
    Related source file is "C:\Users\Acer\Desktop\Arquitectura\ESCOMIPS\extensorD\extensorD.vhd".
    Summary:
	no macro.
Unit <extensorD> synthesized.

Synthesizing Unit <extensorS>.
    Related source file is "C:\Users\Acer\Desktop\Arquitectura\ESCOMIPS\extensorS\extensorS.vhd".
    Summary:
	no macro.
Unit <extensorS> synthesized.

Synthesizing Unit <ALU_4bits>.
    Related source file is "C:\Users\Acer\Desktop\Arquitectura\P3\P3.vhd".
        N = 16
    Found 1-bit 4-to-1 multiplexer for signal <res<0>> created at line 9.
    Found 1-bit 4-to-1 multiplexer for signal <res<1>> created at line 9.
    Found 1-bit 4-to-1 multiplexer for signal <res<2>> created at line 9.
    Found 1-bit 4-to-1 multiplexer for signal <res<3>> created at line 9.
    Found 1-bit 4-to-1 multiplexer for signal <res<4>> created at line 9.
    Found 1-bit 4-to-1 multiplexer for signal <res<5>> created at line 9.
    Found 1-bit 4-to-1 multiplexer for signal <res<6>> created at line 9.
    Found 1-bit 4-to-1 multiplexer for signal <res<7>> created at line 9.
    Found 1-bit 4-to-1 multiplexer for signal <res<8>> created at line 9.
    Found 1-bit 4-to-1 multiplexer for signal <res<9>> created at line 9.
    Found 1-bit 4-to-1 multiplexer for signal <res<10>> created at line 9.
    Found 1-bit 4-to-1 multiplexer for signal <res<11>> created at line 9.
    Found 1-bit 4-to-1 multiplexer for signal <res<12>> created at line 9.
    Found 1-bit 4-to-1 multiplexer for signal <res<13>> created at line 9.
    Found 1-bit 4-to-1 multiplexer for signal <res<14>> created at line 9.
    Found 1-bit 4-to-1 multiplexer for signal <res<15>> created at line 9.
    Summary:
	inferred  18 Multiplexer(s).
Unit <ALU_4bits> synthesized.

Synthesizing Unit <p4>.
    Related source file is "C:\Users\Acer\Desktop\Arquitectura\p4\p4.vhd".
        tam_palabra = 16
        tam_bus = 4
    Found 16-bit register for signal <fileRegister<1>>.
    Found 16-bit register for signal <fileRegister<2>>.
    Found 16-bit register for signal <fileRegister<3>>.
    Found 16-bit register for signal <fileRegister<4>>.
    Found 16-bit register for signal <fileRegister<5>>.
    Found 16-bit register for signal <fileRegister<6>>.
    Found 16-bit register for signal <fileRegister<7>>.
    Found 16-bit register for signal <fileRegister<8>>.
    Found 16-bit register for signal <fileRegister<9>>.
    Found 16-bit register for signal <fileRegister<10>>.
    Found 16-bit register for signal <fileRegister<11>>.
    Found 16-bit register for signal <fileRegister<12>>.
    Found 16-bit register for signal <fileRegister<13>>.
    Found 16-bit register for signal <fileRegister<14>>.
    Found 16-bit register for signal <fileRegister<15>>.
    Found 16-bit register for signal <fileRegister<0>>.
INFO:Xst:3019 - HDL ADVISOR - 256 flip-flops were inferred for signal <fileRegister>. You may be trying to describe a RAM in a way that is incompatible with block and distributed RAM resources available on Xilinx devices, or with a specific template that is not supported. Please review the Xilinx resources documentation and the XST user manual for coding guidelines. Taking advantage of RAM resources will lead to improved device usage and reduced synthesis time.
INFO:Xst:3019 - HDL ADVISOR - 256 flip-flops were inferred for signal <fileRegister>. You may be trying to describe a RAM in a way that is incompatible with block and distributed RAM resources available on Xilinx devices, or with a specific template that is not supported. Please review the Xilinx resources documentation and the XST user manual for coding guidelines. Taking advantage of RAM resources will lead to improved device usage and reduced synthesis time.
    Found 16-bit 16-to-1 multiplexer for signal <aux1> created at line 48.
    Found 16-bit 16-to-1 multiplexer for signal <readData2> created at line 51.
    Summary:
	inferred 256 D-type flip-flop(s).
	inferred 102 Multiplexer(s).
Unit <p4> synthesized.

Synthesizing Unit <Union>.
    Related source file is "C:\Users\Acer\Desktop\Arquitectura\P9\Union\Union.vhd".
    Summary:
	inferred   2 Multiplexer(s).
Unit <Union> synthesized.

Synthesizing Unit <condicion>.
    Related source file is "C:\Users\Acer\Desktop\Arquitectura\P9\condicion\condicion.vhd".
    Summary:
	no macro.
Unit <condicion> synthesized.

Synthesizing Unit <decoInst>.
    Related source file is "C:\Users\Acer\Desktop\Arquitectura\P9\decoInst\decoInst.vhd".
    Summary:
	inferred  10 Multiplexer(s).
Unit <decoInst> synthesized.

Synthesizing Unit <microFuncion>.
    Related source file is "C:\Users\Acer\Desktop\Arquitectura\P9\microFuncion\microFuncion.vhd".
        bus_dir = 4
        bus_datos = 20
    Found 16x20-bit Read Only RAM for signal <funSal>
    Summary:
	inferred   1 RAM(s).
Unit <microFuncion> synthesized.

Synthesizing Unit <microOpCode>.
    Related source file is "C:\Users\Acer\Desktop\Arquitectura\P9\microOpCode\microOpCode.vhd".
        bus_dir = 5
        bus_datos = 20
    Found 32x20-bit Read Only RAM for signal <salOpCode>
    Summary:
	inferred   1 RAM(s).
Unit <microOpCode> synthesized.

Synthesizing Unit <nivel>.
    Related source file is "C:\Users\Acer\Desktop\Arquitectura\P9\nivel\nivel.vhd".
    Found 1-bit register for signal <nclk>.
    Found 1-bit register for signal <pclk>.
    Summary:
	inferred   2 D-type flip-flop(s).
Unit <nivel> synthesized.

Synthesizing Unit <regEdo2>.
    Related source file is "C:\Users\Acer\Desktop\Arquitectura\P9\regEdo\regEdo2.vhd".
    Found 4-bit register for signal <salReg>.
    Summary:
	inferred   4 D-type flip-flop(s).
Unit <regEdo2> synthesized.

Synthesizing Unit <unicontrol>.
    Related source file is "C:\Users\Acer\Desktop\Arquitectura\P9\unicontrol\unicontrol.vhd".
WARNING:Xst:647 - Input <clk> is never used. This port will be preserved and left unconnected if it belongs to a top-level block or it belongs to a sub-block and the hierarchy of this sub-block is preserved.
WARNING:Xst:647 - Input <clr> is never used. This port will be preserved and left unconnected if it belongs to a top-level block or it belongs to a sub-block and the hierarchy of this sub-block is preserved.
    Summary:
	inferred  13 Multiplexer(s).
Unit <unicontrol> synthesized.

=========================================================================
HDL Synthesis Report

Macro Statistics
# RAMs                                                 : 4
 16x20-bit single-port Read Only RAM                   : 1
 2048x16-bit single-port RAM                           : 1
 32x20-bit single-port Read Only RAM                   : 1
 512x25-bit single-port Read Only RAM                  : 1
# Adders/Subtractors                                   : 4
 16-bit adder                                          : 2
 3-bit adder                                           : 1
 3-bit subtractor                                      : 1
# Registers                                            : 29
 1-bit register                                        : 3
 16-bit register                                       : 24
 3-bit register                                        : 1
 4-bit register                                        : 1
# Multiplexers                                         : 188
 1-bit 2-to-1 multiplexer                              : 121
 1-bit 4-to-1 multiplexer                              : 16
 11-bit 2-to-1 multiplexer                             : 1
 16-bit 16-to-1 multiplexer                            : 2
 16-bit 2-to-1 multiplexer                             : 42
 16-bit 8-to-1 multiplexer                             : 2
 20-bit 2-to-1 multiplexer                             : 1
 3-bit 2-to-1 multiplexer                              : 1
 4-bit 2-to-1 multiplexer                              : 1
 5-bit 2-to-1 multiplexer                              : 1
# Xors                                                 : 66
 1-bit xor2                                            : 66

=========================================================================

=========================================================================
*                       Advanced HDL Synthesis                          *
=========================================================================

WARNING:Xst:2677 - Node <salReg_2> of sequential type is unconnected in block <regEdo1>.
WARNING:Xst:2677 - Node <salReg_3> of sequential type is unconnected in block <regEdo1>.

Synthesizing (advanced) Unit <memProg>.
INFO:Xst:3218 - HDL ADVISOR - The RAM <Mram_data_out> will be implemented on LUTs either because you have described an asynchronous read or because of currently unsupported block RAM features. If you have described an asynchronous read, making it synchronous would allow you to take advantage of available block RAM resources, for optimized device usage and improved timings. Please refer to your documentation for coding guidelines.
    -----------------------------------------------------------------------
    | ram_type           | Distributed                         |          |
    -----------------------------------------------------------------------
    | Port A                                                              |
    |     aspect ratio   | 512-word x 25-bit                   |          |
    |     weA            | connected to signal <GND>           | high     |
    |     addrA          | connected to signal <dir_r>         |          |
    |     diA            | connected to signal <GND>           |          |
    |     doA            | connected to signal <data_out>      |          |
    -----------------------------------------------------------------------
Unit <memProg> synthesized (advanced).

Synthesizing (advanced) Unit <microFuncion>.
INFO:Xst:3218 - HDL ADVISOR - The RAM <Mram_funSal> will be implemented on LUTs either because you have described an asynchronous read or because of currently unsupported block RAM features. If you have described an asynchronous read, making it synchronous would allow you to take advantage of available block RAM resources, for optimized device usage and improved timings. Please refer to your documentation for coding guidelines.
    -----------------------------------------------------------------------
    | ram_type           | Distributed                         |          |
    -----------------------------------------------------------------------
    | Port A                                                              |
    |     aspect ratio   | 16-word x 20-bit                    |          |
    |     weA            | connected to signal <GND>           | high     |
    |     addrA          | connected to signal <i>             |          |
    |     diA            | connected to signal <GND>           |          |
    |     doA            | connected to signal <funSal>        |          |
    -----------------------------------------------------------------------
Unit <microFuncion> synthesized (advanced).

Synthesizing (advanced) Unit <microOpCode>.
INFO:Xst:3218 - HDL ADVISOR - The RAM <Mram_salOpCode> will be implemented on LUTs either because you have described an asynchronous read or because of currently unsupported block RAM features. If you have described an asynchronous read, making it synchronous would allow you to take advantage of available block RAM resources, for optimized device usage and improved timings. Please refer to your documentation for coding guidelines.
    -----------------------------------------------------------------------
    | ram_type           | Distributed                         |          |
    -----------------------------------------------------------------------
    | Port A                                                              |
    |     aspect ratio   | 32-word x 20-bit                    |          |
    |     weA            | connected to signal <GND>           | high     |
    |     addrA          | connected to signal <CP_CODE>       |          |
    |     diA            | connected to signal <GND>           |          |
    |     doA            | connected to signal <salOpCode>     |          |
    -----------------------------------------------------------------------
Unit <microOpCode> synthesized (advanced).

Synthesizing (advanced) Unit <p5>.
INFO:Xst:3218 - HDL ADVISOR - The RAM <Mram_aux> will be implemented on LUTs either because you have described an asynchronous read or because of currently unsupported block RAM features. If you have described an asynchronous read, making it synchronous would allow you to take advantage of available block RAM resources, for optimized device usage and improved timings. Please refer to your documentation for coding guidelines.
    -----------------------------------------------------------------------
    | ram_type           | Distributed                         |          |
    -----------------------------------------------------------------------
    | Port A                                                              |
    |     aspect ratio   | 2048-word x 16-bit                  |          |
    |     clkA           | connected to signal <clk>           | rise     |
    |     weA            | connected to signal <wd>            | high     |
    |     addrA          | connected to signal <dir_w>         |          |
    |     diA            | connected to signal <data_in>       |          |
    |     doA            | connected to internal node          |          |
    -----------------------------------------------------------------------
Unit <p5> synthesized (advanced).

=========================================================================
Advanced HDL Synthesis Report

Macro Statistics
# RAMs                                                 : 4
 16x20-bit single-port distributed Read Only RAM       : 1
 2048x16-bit single-port distributed RAM               : 1
 32x20-bit single-port distributed Read Only RAM       : 1
 512x25-bit single-port distributed Read Only RAM      : 1
# Adders/Subtractors                                   : 4
 16-bit adder                                          : 2
 3-bit adder                                           : 1
 3-bit subtractor                                      : 1
# Registers                                            : 394
 Flip-Flops                                            : 394
# Multiplexers                                         : 248
 1-bit 16-to-1 multiplexer                             : 32
 1-bit 2-to-1 multiplexer                              : 121
 1-bit 4-to-1 multiplexer                              : 16
 1-bit 8-to-1 multiplexer                              : 32
 11-bit 2-to-1 multiplexer                             : 1
 16-bit 2-to-1 multiplexer                             : 42
 20-bit 2-to-1 multiplexer                             : 1
 3-bit 2-to-1 multiplexer                              : 1
 4-bit 2-to-1 multiplexer                              : 1
 5-bit 2-to-1 multiplexer                              : 1
# Xors                                                 : 66
 1-bit xor2                                            : 66

=========================================================================

=========================================================================
*                         Low Level Synthesis                           *
=========================================================================
WARNING:Xst:2677 - Node <regEdo1/salReg_3> of sequential type is unconnected in block <Union>.
WARNING:Xst:2677 - Node <regEdo1/salReg_2> of sequential type is unconnected in block <Union>.

Optimizing unit <ESCOMIPS> ...

Optimizing unit <pila> ...

Optimizing unit <p4> ...

Optimizing unit <Union> ...

Optimizing unit <ALU_4bits> ...
WARNING:Xst:1710 - FF/Latch <archivoReg/fileRegister_10_0> (without init value) has a constant value of 0 in block <ESCOMIPS>. This FF/Latch will be trimmed during the optimization process.
WARNING:Xst:1895 - Due to other FF/Latch trimming, FF/Latch <archivoReg/fileRegister_10_1> (without init value) has a constant value of 0 in block <ESCOMIPS>. This FF/Latch will be trimmed during the optimization process.
WARNING:Xst:1895 - Due to other FF/Latch trimming, FF/Latch <archivoReg/fileRegister_10_2> (without init value) has a constant value of 0 in block <ESCOMIPS>. This FF/Latch will be trimmed during the optimization process.
WARNING:Xst:1895 - Due to other FF/Latch trimming, FF/Latch <archivoReg/fileRegister_10_3> (without init value) has a constant value of 0 in block <ESCOMIPS>. This FF/Latch will be trimmed during the optimization process.
WARNING:Xst:1895 - Due to other FF/Latch trimming, FF/Latch <archivoReg/fileRegister_10_4> (without init value) has a constant value of 0 in block <ESCOMIPS>. This FF/Latch will be trimmed during the optimization process.
WARNING:Xst:1895 - Due to other FF/Latch trimming, FF/Latch <archivoReg/fileRegister_10_5> (without init value) has a constant value of 0 in block <ESCOMIPS>. This FF/Latch will be trimmed during the optimization process.
WARNING:Xst:1895 - Due to other FF/Latch trimming, FF/Latch <archivoReg/fileRegister_10_6> (without init value) has a constant value of 0 in block <ESCOMIPS>. This FF/Latch will be trimmed during the optimization process.
WARNING:Xst:1895 - Due to other FF/Latch trimming, FF/Latch <archivoReg/fileRegister_10_7> (without init value) has a constant value of 0 in block <ESCOMIPS>. This FF/Latch will be trimmed during the optimization process.
WARNING:Xst:1895 - Due to other FF/Latch trimming, FF/Latch <archivoReg/fileRegister_10_8> (without init value) has a constant value of 0 in block <ESCOMIPS>. This FF/Latch will be trimmed during the optimization process.
WARNING:Xst:1895 - Due to other FF/Latch trimming, FF/Latch <archivoReg/fileRegister_10_9> (without init value) has a constant value of 0 in block <ESCOMIPS>. This FF/Latch will be trimmed during the optimization process.
WARNING:Xst:1895 - Due to other FF/Latch trimming, FF/Latch <archivoReg/fileRegister_10_10> (without init value) has a constant value of 0 in block <ESCOMIPS>. This FF/Latch will be trimmed during the optimization process.
WARNING:Xst:1895 - Due to other FF/Latch trimming, FF/Latch <archivoReg/fileRegister_10_11> (without init value) has a constant value of 0 in block <ESCOMIPS>. This FF/Latch will be trimmed during the optimization process.
WARNING:Xst:1895 - Due to other FF/Latch trimming, FF/Latch <archivoReg/fileRegister_10_12> (without init value) has a constant value of 0 in block <ESCOMIPS>. This FF/Latch will be trimmed during the optimization process.
WARNING:Xst:1895 - Due to other FF/Latch trimming, FF/Latch <archivoReg/fileRegister_10_13> (without init value) has a constant value of 0 in block <ESCOMIPS>. This FF/Latch will be trimmed during the optimization process.
WARNING:Xst:1895 - Due to other FF/Latch trimming, FF/Latch <archivoReg/fileRegister_10_14> (without init value) has a constant value of 0 in block <ESCOMIPS>. This FF/Latch will be trimmed during the optimization process.
WARNING:Xst:1895 - Due to other FF/Latch trimming, FF/Latch <archivoReg/fileRegister_10_15> (without init value) has a constant value of 0 in block <ESCOMIPS>. This FF/Latch will be trimmed during the optimization process.
WARNING:Xst:1895 - Due to other FF/Latch trimming, FF/Latch <archivoReg/fileRegister_13_0> (without init value) has a constant value of 0 in block <ESCOMIPS>. This FF/Latch will be trimmed during the optimization process.
WARNING:Xst:1895 - Due to other FF/Latch trimming, FF/Latch <archivoReg/fileRegister_13_1> (without init value) has a constant value of 0 in block <ESCOMIPS>. This FF/Latch will be trimmed during the optimization process.
WARNING:Xst:1895 - Due to other FF/Latch trimming, FF/Latch <archivoReg/fileRegister_13_2> (without init value) has a constant value of 0 in block <ESCOMIPS>. This FF/Latch will be trimmed during the optimization process.
WARNING:Xst:1895 - Due to other FF/Latch trimming, FF/Latch <archivoReg/fileRegister_13_3> (without init value) has a constant value of 0 in block <ESCOMIPS>. This FF/Latch will be trimmed during the optimization process.
WARNING:Xst:1895 - Due to other FF/Latch trimming, FF/Latch <archivoReg/fileRegister_13_4> (without init value) has a constant value of 0 in block <ESCOMIPS>. This FF/Latch will be trimmed during the optimization process.
WARNING:Xst:1895 - Due to other FF/Latch trimming, FF/Latch <archivoReg/fileRegister_13_5> (without init value) has a constant value of 0 in block <ESCOMIPS>. This FF/Latch will be trimmed during the optimization process.
WARNING:Xst:1895 - Due to other FF/Latch trimming, FF/Latch <archivoReg/fileRegister_13_6> (without init value) has a constant value of 0 in block <ESCOMIPS>. This FF/Latch will be trimmed during the optimization process.
WARNING:Xst:1895 - Due to other FF/Latch trimming, FF/Latch <archivoReg/fileRegister_13_7> (without init value) has a constant value of 0 in block <ESCOMIPS>. This FF/Latch will be trimmed during the optimization process.
WARNING:Xst:1895 - Due to other FF/Latch trimming, FF/Latch <archivoReg/fileRegister_13_8> (without init value) has a constant value of 0 in block <ESCOMIPS>. This FF/Latch will be trimmed during the optimization process.
WARNING:Xst:1895 - Due to other FF/Latch trimming, FF/Latch <archivoReg/fileRegister_13_9> (without init value) has a constant value of 0 in block <ESCOMIPS>. This FF/Latch will be trimmed during the optimization process.
WARNING:Xst:1895 - Due to other FF/Latch trimming, FF/Latch <archivoReg/fileRegister_13_10> (without init value) has a constant value of 0 in block <ESCOMIPS>. This FF/Latch will be trimmed during the optimization process.
WARNING:Xst:1895 - Due to other FF/Latch trimming, FF/Latch <archivoReg/fileRegister_13_11> (without init value) has a constant value of 0 in block <ESCOMIPS>. This FF/Latch will be trimmed during the optimization process.
WARNING:Xst:1895 - Due to other FF/Latch trimming, FF/Latch <archivoReg/fileRegister_13_12> (without init value) has a constant value of 0 in block <ESCOMIPS>. This FF/Latch will be trimmed during the optimization process.
WARNING:Xst:1895 - Due to other FF/Latch trimming, FF/Latch <archivoReg/fileRegister_13_13> (without init value) has a constant value of 0 in block <ESCOMIPS>. This FF/Latch will be trimmed during the optimization process.
WARNING:Xst:1895 - Due to other FF/Latch trimming, FF/Latch <archivoReg/fileRegister_13_14> (without init value) has a constant value of 0 in block <ESCOMIPS>. This FF/Latch will be trimmed during the optimization process.
WARNING:Xst:1895 - Due to other FF/Latch trimming, FF/Latch <archivoReg/fileRegister_13_15> (without init value) has a constant value of 0 in block <ESCOMIPS>. This FF/Latch will be trimmed during the optimization process.
WARNING:Xst:1895 - Due to other FF/Latch trimming, FF/Latch <archivoReg/fileRegister_8_0> (without init value) has a constant value of 0 in block <ESCOMIPS>. This FF/Latch will be trimmed during the optimization process.
WARNING:Xst:1895 - Due to other FF/Latch trimming, FF/Latch <archivoReg/fileRegister_8_1> (without init value) has a constant value of 0 in block <ESCOMIPS>. This FF/Latch will be trimmed during the optimization process.
WARNING:Xst:1895 - Due to other FF/Latch trimming, FF/Latch <archivoReg/fileRegister_8_2> (without init value) has a constant value of 0 in block <ESCOMIPS>. This FF/Latch will be trimmed during the optimization process.
WARNING:Xst:1895 - Due to other FF/Latch trimming, FF/Latch <archivoReg/fileRegister_8_3> (without init value) has a constant value of 0 in block <ESCOMIPS>. This FF/Latch will be trimmed during the optimization process.
WARNING:Xst:1895 - Due to other FF/Latch trimming, FF/Latch <archivoReg/fileRegister_8_4> (without init value) has a constant value of 0 in block <ESCOMIPS>. This FF/Latch will be trimmed during the optimization process.
WARNING:Xst:1895 - Due to other FF/Latch trimming, FF/Latch <archivoReg/fileRegister_8_5> (without init value) has a constant value of 0 in block <ESCOMIPS>. This FF/Latch will be trimmed during the optimization process.
WARNING:Xst:1895 - Due to other FF/Latch trimming, FF/Latch <archivoReg/fileRegister_8_6> (without init value) has a constant value of 0 in block <ESCOMIPS>. This FF/Latch will be trimmed during the optimization process.
WARNING:Xst:1895 - Due to other FF/Latch trimming, FF/Latch <archivoReg/fileRegister_8_7> (without init value) has a constant value of 0 in block <ESCOMIPS>. This FF/Latch will be trimmed during the optimization process.
WARNING:Xst:1895 - Due to other FF/Latch trimming, FF/Latch <archivoReg/fileRegister_8_8> (without init value) has a constant value of 0 in block <ESCOMIPS>. This FF/Latch will be trimmed during the optimization process.
WARNING:Xst:1895 - Due to other FF/Latch trimming, FF/Latch <archivoReg/fileRegister_8_9> (without init value) has a constant value of 0 in block <ESCOMIPS>. This FF/Latch will be trimmed during the optimization process.
WARNING:Xst:1895 - Due to other FF/Latch trimming, FF/Latch <archivoReg/fileRegister_8_10> (without init value) has a constant value of 0 in block <ESCOMIPS>. This FF/Latch will be trimmed during the optimization process.
WARNING:Xst:1895 - Due to other FF/Latch trimming, FF/Latch <archivoReg/fileRegister_8_11> (without init value) has a constant value of 0 in block <ESCOMIPS>. This FF/Latch will be trimmed during the optimization process.
WARNING:Xst:1895 - Due to other FF/Latch trimming, FF/Latch <archivoReg/fileRegister_8_12> (without init value) has a constant value of 0 in block <ESCOMIPS>. This FF/Latch will be trimmed during the optimization process.
WARNING:Xst:1895 - Due to other FF/Latch trimming, FF/Latch <archivoReg/fileRegister_8_13> (without init value) has a constant value of 0 in block <ESCOMIPS>. This FF/Latch will be trimmed during the optimization process.
WARNING:Xst:1895 - Due to other FF/Latch trimming, FF/Latch <archivoReg/fileRegister_8_14> (without init value) has a constant value of 0 in block <ESCOMIPS>. This FF/Latch will be trimmed during the optimization process.
WARNING:Xst:1895 - Due to other FF/Latch trimming, FF/Latch <archivoReg/fileRegister_8_15> (without init value) has a constant value of 0 in block <ESCOMIPS>. This FF/Latch will be trimmed during the optimization process.
WARNING:Xst:1895 - Due to other FF/Latch trimming, FF/Latch <archivoReg/fileRegister_9_0> (without init value) has a constant value of 0 in block <ESCOMIPS>. This FF/Latch will be trimmed during the optimization process.
WARNING:Xst:1895 - Due to other FF/Latch trimming, FF/Latch <archivoReg/fileRegister_9_1> (without init value) has a constant value of 0 in block <ESCOMIPS>. This FF/Latch will be trimmed during the optimization process.
WARNING:Xst:1895 - Due to other FF/Latch trimming, FF/Latch <archivoReg/fileRegister_9_2> (without init value) has a constant value of 0 in block <ESCOMIPS>. This FF/Latch will be trimmed during the optimization process.
WARNING:Xst:1895 - Due to other FF/Latch trimming, FF/Latch <archivoReg/fileRegister_9_3> (without init value) has a constant value of 0 in block <ESCOMIPS>. This FF/Latch will be trimmed during the optimization process.
WARNING:Xst:1895 - Due to other FF/Latch trimming, FF/Latch <archivoReg/fileRegister_9_4> (without init value) has a constant value of 0 in block <ESCOMIPS>. This FF/Latch will be trimmed during the optimization process.
WARNING:Xst:1895 - Due to other FF/Latch trimming, FF/Latch <archivoReg/fileRegister_9_5> (without init value) has a constant value of 0 in block <ESCOMIPS>. This FF/Latch will be trimmed during the optimization process.
WARNING:Xst:1895 - Due to other FF/Latch trimming, FF/Latch <archivoReg/fileRegister_9_6> (without init value) has a constant value of 0 in block <ESCOMIPS>. This FF/Latch will be trimmed during the optimization process.
WARNING:Xst:1895 - Due to other FF/Latch trimming, FF/Latch <archivoReg/fileRegister_9_7> (without init value) has a constant value of 0 in block <ESCOMIPS>. This FF/Latch will be trimmed during the optimization process.
WARNING:Xst:1895 - Due to other FF/Latch trimming, FF/Latch <archivoReg/fileRegister_9_8> (without init value) has a constant value of 0 in block <ESCOMIPS>. This FF/Latch will be trimmed during the optimization process.
WARNING:Xst:1895 - Due to other FF/Latch trimming, FF/Latch <archivoReg/fileRegister_9_9> (without init value) has a constant value of 0 in block <ESCOMIPS>. This FF/Latch will be trimmed during the optimization process.
WARNING:Xst:1895 - Due to other FF/Latch trimming, FF/Latch <archivoReg/fileRegister_9_10> (without init value) has a constant value of 0 in block <ESCOMIPS>. This FF/Latch will be trimmed during the optimization process.
WARNING:Xst:1895 - Due to other FF/Latch trimming, FF/Latch <archivoReg/fileRegister_9_11> (without init value) has a constant value of 0 in block <ESCOMIPS>. This FF/Latch will be trimmed during the optimization process.
WARNING:Xst:1895 - Due to other FF/Latch trimming, FF/Latch <archivoReg/fileRegister_9_12> (without init value) has a constant value of 0 in block <ESCOMIPS>. This FF/Latch will be trimmed during the optimization process.
WARNING:Xst:1895 - Due to other FF/Latch trimming, FF/Latch <archivoReg/fileRegister_9_13> (without init value) has a constant value of 0 in block <ESCOMIPS>. This FF/Latch will be trimmed during the optimization process.
WARNING:Xst:1895 - Due to other FF/Latch trimming, FF/Latch <archivoReg/fileRegister_9_14> (without init value) has a constant value of 0 in block <ESCOMIPS>. This FF/Latch will be trimmed during the optimization process.
WARNING:Xst:1895 - Due to other FF/Latch trimming, FF/Latch <archivoReg/fileRegister_9_15> (without init value) has a constant value of 0 in block <ESCOMIPS>. This FF/Latch will be trimmed during the optimization process.
WARNING:Xst:1895 - Due to other FF/Latch trimming, FF/Latch <archivoReg/fileRegister_14_0> (without init value) has a constant value of 0 in block <ESCOMIPS>. This FF/Latch will be trimmed during the optimization process.
WARNING:Xst:1895 - Due to other FF/Latch trimming, FF/Latch <archivoReg/fileRegister_14_1> (without init value) has a constant value of 0 in block <ESCOMIPS>. This FF/Latch will be trimmed during the optimization process.
WARNING:Xst:1895 - Due to other FF/Latch trimming, FF/Latch <archivoReg/fileRegister_14_2> (without init value) has a constant value of 0 in block <ESCOMIPS>. This FF/Latch will be trimmed during the optimization process.
WARNING:Xst:1895 - Due to other FF/Latch trimming, FF/Latch <archivoReg/fileRegister_14_3> (without init value) has a constant value of 0 in block <ESCOMIPS>. This FF/Latch will be trimmed during the optimization process.
WARNING:Xst:1895 - Due to other FF/Latch trimming, FF/Latch <archivoReg/fileRegister_14_4> (without init value) has a constant value of 0 in block <ESCOMIPS>. This FF/Latch will be trimmed during the optimization process.
WARNING:Xst:1895 - Due to other FF/Latch trimming, FF/Latch <archivoReg/fileRegister_14_5> (without init value) has a constant value of 0 in block <ESCOMIPS>. This FF/Latch will be trimmed during the optimization process.
WARNING:Xst:1895 - Due to other FF/Latch trimming, FF/Latch <archivoReg/fileRegister_14_6> (without init value) has a constant value of 0 in block <ESCOMIPS>. This FF/Latch will be trimmed during the optimization process.
WARNING:Xst:1895 - Due to other FF/Latch trimming, FF/Latch <archivoReg/fileRegister_14_7> (without init value) has a constant value of 0 in block <ESCOMIPS>. This FF/Latch will be trimmed during the optimization process.
WARNING:Xst:1895 - Due to other FF/Latch trimming, FF/Latch <archivoReg/fileRegister_14_8> (without init value) has a constant value of 0 in block <ESCOMIPS>. This FF/Latch will be trimmed during the optimization process.
WARNING:Xst:1895 - Due to other FF/Latch trimming, FF/Latch <archivoReg/fileRegister_14_9> (without init value) has a constant value of 0 in block <ESCOMIPS>. This FF/Latch will be trimmed during the optimization process.
WARNING:Xst:1895 - Due to other FF/Latch trimming, FF/Latch <archivoReg/fileRegister_14_10> (without init value) has a constant value of 0 in block <ESCOMIPS>. This FF/Latch will be trimmed during the optimization process.
WARNING:Xst:1895 - Due to other FF/Latch trimming, FF/Latch <archivoReg/fileRegister_14_11> (without init value) has a constant value of 0 in block <ESCOMIPS>. This FF/Latch will be trimmed during the optimization process.
WARNING:Xst:1895 - Due to other FF/Latch trimming, FF/Latch <archivoReg/fileRegister_14_12> (without init value) has a constant value of 0 in block <ESCOMIPS>. This FF/Latch will be trimmed during the optimization process.
WARNING:Xst:1895 - Due to other FF/Latch trimming, FF/Latch <archivoReg/fileRegister_14_13> (without init value) has a constant value of 0 in block <ESCOMIPS>. This FF/Latch will be trimmed during the optimization process.
WARNING:Xst:1895 - Due to other FF/Latch trimming, FF/Latch <archivoReg/fileRegister_14_14> (without init value) has a constant value of 0 in block <ESCOMIPS>. This FF/Latch will be trimmed during the optimization process.
WARNING:Xst:1895 - Due to other FF/Latch trimming, FF/Latch <archivoReg/fileRegister_14_15> (without init value) has a constant value of 0 in block <ESCOMIPS>. This FF/Latch will be trimmed during the optimization process.
WARNING:Xst:1895 - Due to other FF/Latch trimming, FF/Latch <archivoReg/fileRegister_15_0> (without init value) has a constant value of 0 in block <ESCOMIPS>. This FF/Latch will be trimmed during the optimization process.
WARNING:Xst:1895 - Due to other FF/Latch trimming, FF/Latch <archivoReg/fileRegister_15_1> (without init value) has a constant value of 0 in block <ESCOMIPS>. This FF/Latch will be trimmed during the optimization process.
WARNING:Xst:1895 - Due to other FF/Latch trimming, FF/Latch <archivoReg/fileRegister_15_2> (without init value) has a constant value of 0 in block <ESCOMIPS>. This FF/Latch will be trimmed during the optimization process.
WARNING:Xst:1895 - Due to other FF/Latch trimming, FF/Latch <archivoReg/fileRegister_15_3> (without init value) has a constant value of 0 in block <ESCOMIPS>. This FF/Latch will be trimmed during the optimization process.
WARNING:Xst:1895 - Due to other FF/Latch trimming, FF/Latch <archivoReg/fileRegister_15_4> (without init value) has a constant value of 0 in block <ESCOMIPS>. This FF/Latch will be trimmed during the optimization process.
WARNING:Xst:1895 - Due to other FF/Latch trimming, FF/Latch <archivoReg/fileRegister_15_5> (without init value) has a constant value of 0 in block <ESCOMIPS>. This FF/Latch will be trimmed during the optimization process.
WARNING:Xst:1895 - Due to other FF/Latch trimming, FF/Latch <archivoReg/fileRegister_15_6> (without init value) has a constant value of 0 in block <ESCOMIPS>. This FF/Latch will be trimmed during the optimization process.
WARNING:Xst:1895 - Due to other FF/Latch trimming, FF/Latch <archivoReg/fileRegister_15_7> (without init value) has a constant value of 0 in block <ESCOMIPS>. This FF/Latch will be trimmed during the optimization process.
WARNING:Xst:1895 - Due to other FF/Latch trimming, FF/Latch <archivoReg/fileRegister_15_8> (without init value) has a constant value of 0 in block <ESCOMIPS>. This FF/Latch will be trimmed during the optimization process.
WARNING:Xst:1895 - Due to other FF/Latch trimming, FF/Latch <archivoReg/fileRegister_15_9> (without init value) has a constant value of 0 in block <ESCOMIPS>. This FF/Latch will be trimmed during the optimization process.
WARNING:Xst:1895 - Due to other FF/Latch trimming, FF/Latch <archivoReg/fileRegister_15_10> (without init value) has a constant value of 0 in block <ESCOMIPS>. This FF/Latch will be trimmed during the optimization process.
WARNING:Xst:1895 - Due to other FF/Latch trimming, FF/Latch <archivoReg/fileRegister_15_11> (without init value) has a constant value of 0 in block <ESCOMIPS>. This FF/Latch will be trimmed during the optimization process.
WARNING:Xst:1895 - Due to other FF/Latch trimming, FF/Latch <archivoReg/fileRegister_15_12> (without init value) has a constant value of 0 in block <ESCOMIPS>. This FF/Latch will be trimmed during the optimization process.
WARNING:Xst:1895 - Due to other FF/Latch trimming, FF/Latch <archivoReg/fileRegister_15_13> (without init value) has a constant value of 0 in block <ESCOMIPS>. This FF/Latch will be trimmed during the optimization process.
WARNING:Xst:1895 - Due to other FF/Latch trimming, FF/Latch <archivoReg/fileRegister_15_14> (without init value) has a constant value of 0 in block <ESCOMIPS>. This FF/Latch will be trimmed during the optimization process.
WARNING:Xst:1895 - Due to other FF/Latch trimming, FF/Latch <archivoReg/fileRegister_15_15> (without init value) has a constant value of 0 in block <ESCOMIPS>. This FF/Latch will be trimmed during the optimization process.
WARNING:Xst:1895 - Due to other FF/Latch trimming, FF/Latch <archivoReg/fileRegister_11_0> (without init value) has a constant value of 0 in block <ESCOMIPS>. This FF/Latch will be trimmed during the optimization process.
WARNING:Xst:1895 - Due to other FF/Latch trimming, FF/Latch <archivoReg/fileRegister_11_1> (without init value) has a constant value of 0 in block <ESCOMIPS>. This FF/Latch will be trimmed during the optimization process.
WARNING:Xst:1895 - Due to other FF/Latch trimming, FF/Latch <archivoReg/fileRegister_11_2> (without init value) has a constant value of 0 in block <ESCOMIPS>. This FF/Latch will be trimmed during the optimization process.
WARNING:Xst:1895 - Due to other FF/Latch trimming, FF/Latch <archivoReg/fileRegister_11_3> (without init value) has a constant value of 0 in block <ESCOMIPS>. This FF/Latch will be trimmed during the optimization process.
WARNING:Xst:1895 - Due to other FF/Latch trimming, FF/Latch <archivoReg/fileRegister_11_4> (without init value) has a constant value of 0 in block <ESCOMIPS>. This FF/Latch will be trimmed during the optimization process.
WARNING:Xst:1895 - Due to other FF/Latch trimming, FF/Latch <archivoReg/fileRegister_11_5> (without init value) has a constant value of 0 in block <ESCOMIPS>. This FF/Latch will be trimmed during the optimization process.
WARNING:Xst:1895 - Due to other FF/Latch trimming, FF/Latch <archivoReg/fileRegister_11_6> (without init value) has a constant value of 0 in block <ESCOMIPS>. This FF/Latch will be trimmed during the optimization process.
WARNING:Xst:1895 - Due to other FF/Latch trimming, FF/Latch <archivoReg/fileRegister_11_7> (without init value) has a constant value of 0 in block <ESCOMIPS>. This FF/Latch will be trimmed during the optimization process.
WARNING:Xst:1895 - Due to other FF/Latch trimming, FF/Latch <archivoReg/fileRegister_11_8> (without init value) has a constant value of 0 in block <ESCOMIPS>. This FF/Latch will be trimmed during the optimization process.
WARNING:Xst:1895 - Due to other FF/Latch trimming, FF/Latch <archivoReg/fileRegister_11_9> (without init value) has a constant value of 0 in block <ESCOMIPS>. This FF/Latch will be trimmed during the optimization process.
WARNING:Xst:1895 - Due to other FF/Latch trimming, FF/Latch <archivoReg/fileRegister_11_10> (without init value) has a constant value of 0 in block <ESCOMIPS>. This FF/Latch will be trimmed during the optimization process.
WARNING:Xst:1895 - Due to other FF/Latch trimming, FF/Latch <archivoReg/fileRegister_11_11> (without init value) has a constant value of 0 in block <ESCOMIPS>. This FF/Latch will be trimmed during the optimization process.
WARNING:Xst:1895 - Due to other FF/Latch trimming, FF/Latch <archivoReg/fileRegister_11_12> (without init value) has a constant value of 0 in block <ESCOMIPS>. This FF/Latch will be trimmed during the optimization process.
WARNING:Xst:1895 - Due to other FF/Latch trimming, FF/Latch <archivoReg/fileRegister_11_13> (without init value) has a constant value of 0 in block <ESCOMIPS>. This FF/Latch will be trimmed during the optimization process.
WARNING:Xst:1895 - Due to other FF/Latch trimming, FF/Latch <archivoReg/fileRegister_11_14> (without init value) has a constant value of 0 in block <ESCOMIPS>. This FF/Latch will be trimmed during the optimization process.
WARNING:Xst:1895 - Due to other FF/Latch trimming, FF/Latch <archivoReg/fileRegister_11_15> (without init value) has a constant value of 0 in block <ESCOMIPS>. This FF/Latch will be trimmed during the optimization process.
WARNING:Xst:1895 - Due to other FF/Latch trimming, FF/Latch <archivoReg/fileRegister_12_0> (without init value) has a constant value of 0 in block <ESCOMIPS>. This FF/Latch will be trimmed during the optimization process.
WARNING:Xst:1895 - Due to other FF/Latch trimming, FF/Latch <archivoReg/fileRegister_12_1> (without init value) has a constant value of 0 in block <ESCOMIPS>. This FF/Latch will be trimmed during the optimization process.
WARNING:Xst:1895 - Due to other FF/Latch trimming, FF/Latch <archivoReg/fileRegister_12_2> (without init value) has a constant value of 0 in block <ESCOMIPS>. This FF/Latch will be trimmed during the optimization process.
WARNING:Xst:1895 - Due to other FF/Latch trimming, FF/Latch <archivoReg/fileRegister_12_3> (without init value) has a constant value of 0 in block <ESCOMIPS>. This FF/Latch will be trimmed during the optimization process.
WARNING:Xst:1895 - Due to other FF/Latch trimming, FF/Latch <archivoReg/fileRegister_12_4> (without init value) has a constant value of 0 in block <ESCOMIPS>. This FF/Latch will be trimmed during the optimization process.
WARNING:Xst:1895 - Due to other FF/Latch trimming, FF/Latch <archivoReg/fileRegister_12_5> (without init value) has a constant value of 0 in block <ESCOMIPS>. This FF/Latch will be trimmed during the optimization process.
WARNING:Xst:1895 - Due to other FF/Latch trimming, FF/Latch <archivoReg/fileRegister_12_6> (without init value) has a constant value of 0 in block <ESCOMIPS>. This FF/Latch will be trimmed during the optimization process.
WARNING:Xst:1895 - Due to other FF/Latch trimming, FF/Latch <archivoReg/fileRegister_12_7> (without init value) has a constant value of 0 in block <ESCOMIPS>. This FF/Latch will be trimmed during the optimization process.
WARNING:Xst:1895 - Due to other FF/Latch trimming, FF/Latch <archivoReg/fileRegister_12_8> (without init value) has a constant value of 0 in block <ESCOMIPS>. This FF/Latch will be trimmed during the optimization process.
WARNING:Xst:1895 - Due to other FF/Latch trimming, FF/Latch <archivoReg/fileRegister_12_9> (without init value) has a constant value of 0 in block <ESCOMIPS>. This FF/Latch will be trimmed during the optimization process.
WARNING:Xst:1895 - Due to other FF/Latch trimming, FF/Latch <archivoReg/fileRegister_12_10> (without init value) has a constant value of 0 in block <ESCOMIPS>. This FF/Latch will be trimmed during the optimization process.
WARNING:Xst:1895 - Due to other FF/Latch trimming, FF/Latch <archivoReg/fileRegister_12_11> (without init value) has a constant value of 0 in block <ESCOMIPS>. This FF/Latch will be trimmed during the optimization process.
WARNING:Xst:1895 - Due to other FF/Latch trimming, FF/Latch <archivoReg/fileRegister_12_12> (without init value) has a constant value of 0 in block <ESCOMIPS>. This FF/Latch will be trimmed during the optimization process.
WARNING:Xst:1895 - Due to other FF/Latch trimming, FF/Latch <archivoReg/fileRegister_12_13> (without init value) has a constant value of 0 in block <ESCOMIPS>. This FF/Latch will be trimmed during the optimization process.
WARNING:Xst:1895 - Due to other FF/Latch trimming, FF/Latch <archivoReg/fileRegister_12_14> (without init value) has a constant value of 0 in block <ESCOMIPS>. This FF/Latch will be trimmed during the optimization process.
WARNING:Xst:1895 - Due to other FF/Latch trimming, FF/Latch <archivoReg/fileRegister_12_15> (without init value) has a constant value of 0 in block <ESCOMIPS>. This FF/Latch will be trimmed during the optimization process.
WARNING:Xst:1710 - FF/Latch <pila1/aux_4_10> (without init value) has a constant value of 0 in block <ESCOMIPS>. This FF/Latch will be trimmed during the optimization process.
WARNING:Xst:1895 - Due to other FF/Latch trimming, FF/Latch <pila1/aux_4_11> (without init value) has a constant value of 0 in block <ESCOMIPS>. This FF/Latch will be trimmed during the optimization process.
WARNING:Xst:1895 - Due to other FF/Latch trimming, FF/Latch <pila1/aux_4_12> (without init value) has a constant value of 0 in block <ESCOMIPS>. This FF/Latch will be trimmed during the optimization process.
WARNING:Xst:1895 - Due to other FF/Latch trimming, FF/Latch <pila1/aux_4_13> (without init value) has a constant value of 0 in block <ESCOMIPS>. This FF/Latch will be trimmed during the optimization process.
WARNING:Xst:1895 - Due to other FF/Latch trimming, FF/Latch <pila1/aux_4_14> (without init value) has a constant value of 0 in block <ESCOMIPS>. This FF/Latch will be trimmed during the optimization process.
WARNING:Xst:1895 - Due to other FF/Latch trimming, FF/Latch <pila1/aux_4_15> (without init value) has a constant value of 0 in block <ESCOMIPS>. This FF/Latch will be trimmed during the optimization process.
WARNING:Xst:1895 - Due to other FF/Latch trimming, FF/Latch <pila1/aux_2_0> (without init value) has a constant value of 0 in block <ESCOMIPS>. This FF/Latch will be trimmed during the optimization process.
WARNING:Xst:1895 - Due to other FF/Latch trimming, FF/Latch <pila1/aux_2_1> (without init value) has a constant value of 0 in block <ESCOMIPS>. This FF/Latch will be trimmed during the optimization process.
WARNING:Xst:1895 - Due to other FF/Latch trimming, FF/Latch <pila1/aux_2_2> (without init value) has a constant value of 0 in block <ESCOMIPS>. This FF/Latch will be trimmed during the optimization process.
WARNING:Xst:1895 - Due to other FF/Latch trimming, FF/Latch <pila1/aux_2_3> (without init value) has a constant value of 0 in block <ESCOMIPS>. This FF/Latch will be trimmed during the optimization process.
WARNING:Xst:1895 - Due to other FF/Latch trimming, FF/Latch <pila1/aux_2_4> (without init value) has a constant value of 0 in block <ESCOMIPS>. This FF/Latch will be trimmed during the optimization process.
WARNING:Xst:1895 - Due to other FF/Latch trimming, FF/Latch <pila1/aux_2_5> (without init value) has a constant value of 0 in block <ESCOMIPS>. This FF/Latch will be trimmed during the optimization process.
WARNING:Xst:1895 - Due to other FF/Latch trimming, FF/Latch <pila1/aux_2_6> (without init value) has a constant value of 0 in block <ESCOMIPS>. This FF/Latch will be trimmed during the optimization process.
WARNING:Xst:1895 - Due to other FF/Latch trimming, FF/Latch <pila1/aux_2_7> (without init value) has a constant value of 0 in block <ESCOMIPS>. This FF/Latch will be trimmed during the optimization process.
WARNING:Xst:1895 - Due to other FF/Latch trimming, FF/Latch <pila1/aux_2_8> (without init value) has a constant value of 0 in block <ESCOMIPS>. This FF/Latch will be trimmed during the optimization process.
WARNING:Xst:1895 - Due to other FF/Latch trimming, FF/Latch <pila1/aux_2_9> (without init value) has a constant value of 0 in block <ESCOMIPS>. This FF/Latch will be trimmed during the optimization process.
WARNING:Xst:1895 - Due to other FF/Latch trimming, FF/Latch <pila1/aux_2_10> (without init value) has a constant value of 0 in block <ESCOMIPS>. This FF/Latch will be trimmed during the optimization process.
WARNING:Xst:1895 - Due to other FF/Latch trimming, FF/Latch <pila1/aux_2_11> (without init value) has a constant value of 0 in block <ESCOMIPS>. This FF/Latch will be trimmed during the optimization process.
WARNING:Xst:1895 - Due to other FF/Latch trimming, FF/Latch <pila1/aux_2_12> (without init value) has a constant value of 0 in block <ESCOMIPS>. This FF/Latch will be trimmed during the optimization process.
WARNING:Xst:1895 - Due to other FF/Latch trimming, FF/Latch <pila1/aux_2_13> (without init value) has a constant value of 0 in block <ESCOMIPS>. This FF/Latch will be trimmed during the optimization process.
WARNING:Xst:1895 - Due to other FF/Latch trimming, FF/Latch <pila1/aux_2_14> (without init value) has a constant value of 0 in block <ESCOMIPS>. This FF/Latch will be trimmed during the optimization process.
WARNING:Xst:1895 - Due to other FF/Latch trimming, FF/Latch <pila1/aux_2_15> (without init value) has a constant value of 0 in block <ESCOMIPS>. This FF/Latch will be trimmed during the optimization process.
WARNING:Xst:1895 - Due to other FF/Latch trimming, FF/Latch <pila1/aux_3_0> (without init value) has a constant value of 0 in block <ESCOMIPS>. This FF/Latch will be trimmed during the optimization process.
WARNING:Xst:1895 - Due to other FF/Latch trimming, FF/Latch <pila1/aux_3_1> (without init value) has a constant value of 0 in block <ESCOMIPS>. This FF/Latch will be trimmed during the optimization process.
WARNING:Xst:1895 - Due to other FF/Latch trimming, FF/Latch <pila1/aux_3_2> (without init value) has a constant value of 0 in block <ESCOMIPS>. This FF/Latch will be trimmed during the optimization process.
WARNING:Xst:1895 - Due to other FF/Latch trimming, FF/Latch <pila1/aux_3_3> (without init value) has a constant value of 0 in block <ESCOMIPS>. This FF/Latch will be trimmed during the optimization process.
WARNING:Xst:1895 - Due to other FF/Latch trimming, FF/Latch <pila1/aux_3_4> (without init value) has a constant value of 0 in block <ESCOMIPS>. This FF/Latch will be trimmed during the optimization process.
WARNING:Xst:1895 - Due to other FF/Latch trimming, FF/Latch <pila1/aux_3_5> (without init value) has a constant value of 0 in block <ESCOMIPS>. This FF/Latch will be trimmed during the optimization process.
WARNING:Xst:1896 - Due to other FF/Latch trimming, FF/Latch <pila1/sp_0> has a constant value of 0 in block <ESCOMIPS>. This FF/Latch will be trimmed during the optimization process.
WARNING:Xst:1896 - Due to other FF/Latch trimming, FF/Latch <pila1/sp_1> has a constant value of 0 in block <ESCOMIPS>. This FF/Latch will be trimmed during the optimization process.
WARNING:Xst:1896 - Due to other FF/Latch trimming, FF/Latch <pila1/sp_2> has a constant value of 0 in block <ESCOMIPS>. This FF/Latch will be trimmed during the optimization process.
WARNING:Xst:1895 - Due to other FF/Latch trimming, FF/Latch <pila1/aux_1_0> (without init value) has a constant value of 0 in block <ESCOMIPS>. This FF/Latch will be trimmed during the optimization process.
WARNING:Xst:1895 - Due to other FF/Latch trimming, FF/Latch <pila1/aux_1_1> (without init value) has a constant value of 0 in block <ESCOMIPS>. This FF/Latch will be trimmed during the optimization process.
WARNING:Xst:1895 - Due to other FF/Latch trimming, FF/Latch <pila1/aux_1_2> (without init value) has a constant value of 0 in block <ESCOMIPS>. This FF/Latch will be trimmed during the optimization process.
WARNING:Xst:1895 - Due to other FF/Latch trimming, FF/Latch <pila1/aux_1_3> (without init value) has a constant value of 0 in block <ESCOMIPS>. This FF/Latch will be trimmed during the optimization process.
WARNING:Xst:1895 - Due to other FF/Latch trimming, FF/Latch <pila1/aux_1_4> (without init value) has a constant value of 0 in block <ESCOMIPS>. This FF/Latch will be trimmed during the optimization process.
WARNING:Xst:1895 - Due to other FF/Latch trimming, FF/Latch <pila1/aux_1_5> (without init value) has a constant value of 0 in block <ESCOMIPS>. This FF/Latch will be trimmed during the optimization process.
WARNING:Xst:1895 - Due to other FF/Latch trimming, FF/Latch <pila1/aux_1_6> (without init value) has a constant value of 0 in block <ESCOMIPS>. This FF/Latch will be trimmed during the optimization process.
WARNING:Xst:1895 - Due to other FF/Latch trimming, FF/Latch <pila1/aux_1_7> (without init value) has a constant value of 0 in block <ESCOMIPS>. This FF/Latch will be trimmed during the optimization process.
WARNING:Xst:1895 - Due to other FF/Latch trimming, FF/Latch <pila1/aux_1_8> (without init value) has a constant value of 0 in block <ESCOMIPS>. This FF/Latch will be trimmed during the optimization process.
WARNING:Xst:1895 - Due to other FF/Latch trimming, FF/Latch <pila1/aux_1_9> (without init value) has a constant value of 0 in block <ESCOMIPS>. This FF/Latch will be trimmed during the optimization process.
WARNING:Xst:1895 - Due to other FF/Latch trimming, FF/Latch <pila1/aux_1_10> (without init value) has a constant value of 0 in block <ESCOMIPS>. This FF/Latch will be trimmed during the optimization process.
WARNING:Xst:1895 - Due to other FF/Latch trimming, FF/Latch <pila1/aux_1_11> (without init value) has a constant value of 0 in block <ESCOMIPS>. This FF/Latch will be trimmed during the optimization process.
WARNING:Xst:1895 - Due to other FF/Latch trimming, FF/Latch <pila1/aux_1_12> (without init value) has a constant value of 0 in block <ESCOMIPS>. This FF/Latch will be trimmed during the optimization process.
WARNING:Xst:1895 - Due to other FF/Latch trimming, FF/Latch <pila1/aux_1_13> (without init value) has a constant value of 0 in block <ESCOMIPS>. This FF/Latch will be trimmed during the optimization process.
WARNING:Xst:1895 - Due to other FF/Latch trimming, FF/Latch <pila1/aux_1_14> (without init value) has a constant value of 0 in block <ESCOMIPS>. This FF/Latch will be trimmed during the optimization process.
WARNING:Xst:1895 - Due to other FF/Latch trimming, FF/Latch <pila1/aux_1_15> (without init value) has a constant value of 0 in block <ESCOMIPS>. This FF/Latch will be trimmed during the optimization process.
WARNING:Xst:1895 - Due to other FF/Latch trimming, FF/Latch <pila1/aux_4_0> (without init value) has a constant value of 0 in block <ESCOMIPS>. This FF/Latch will be trimmed during the optimization process.
WARNING:Xst:1895 - Due to other FF/Latch trimming, FF/Latch <pila1/aux_4_1> (without init value) has a constant value of 0 in block <ESCOMIPS>. This FF/Latch will be trimmed during the optimization process.
WARNING:Xst:1895 - Due to other FF/Latch trimming, FF/Latch <pila1/aux_4_2> (without init value) has a constant value of 0 in block <ESCOMIPS>. This FF/Latch will be trimmed during the optimization process.
WARNING:Xst:1895 - Due to other FF/Latch trimming, FF/Latch <pila1/aux_4_3> (without init value) has a constant value of 0 in block <ESCOMIPS>. This FF/Latch will be trimmed during the optimization process.
WARNING:Xst:1895 - Due to other FF/Latch trimming, FF/Latch <pila1/aux_4_4> (without init value) has a constant value of 0 in block <ESCOMIPS>. This FF/Latch will be trimmed during the optimization process.
WARNING:Xst:1895 - Due to other FF/Latch trimming, FF/Latch <pila1/aux_4_5> (without init value) has a constant value of 0 in block <ESCOMIPS>. This FF/Latch will be trimmed during the optimization process.
WARNING:Xst:1895 - Due to other FF/Latch trimming, FF/Latch <pila1/aux_4_6> (without init value) has a constant value of 0 in block <ESCOMIPS>. This FF/Latch will be trimmed during the optimization process.
WARNING:Xst:1895 - Due to other FF/Latch trimming, FF/Latch <pila1/aux_4_7> (without init value) has a constant value of 0 in block <ESCOMIPS>. This FF/Latch will be trimmed during the optimization process.
WARNING:Xst:1895 - Due to other FF/Latch trimming, FF/Latch <pila1/aux_4_8> (without init value) has a constant value of 0 in block <ESCOMIPS>. This FF/Latch will be trimmed during the optimization process.
WARNING:Xst:1895 - Due to other FF/Latch trimming, FF/Latch <pila1/aux_4_9> (without init value) has a constant value of 0 in block <ESCOMIPS>. This FF/Latch will be trimmed during the optimization process.
WARNING:Xst:1895 - Due to other FF/Latch trimming, FF/Latch <pila1/aux_5_3> (without init value) has a constant value of 0 in block <ESCOMIPS>. This FF/Latch will be trimmed during the optimization process.
WARNING:Xst:1895 - Due to other FF/Latch trimming, FF/Latch <pila1/aux_5_4> (without init value) has a constant value of 0 in block <ESCOMIPS>. This FF/Latch will be trimmed during the optimization process.
WARNING:Xst:1895 - Due to other FF/Latch trimming, FF/Latch <pila1/aux_5_5> (without init value) has a constant value of 0 in block <ESCOMIPS>. This FF/Latch will be trimmed during the optimization process.
WARNING:Xst:1895 - Due to other FF/Latch trimming, FF/Latch <pila1/aux_5_6> (without init value) has a constant value of 0 in block <ESCOMIPS>. This FF/Latch will be trimmed during the optimization process.
WARNING:Xst:1895 - Due to other FF/Latch trimming, FF/Latch <pila1/aux_5_7> (without init value) has a constant value of 0 in block <ESCOMIPS>. This FF/Latch will be trimmed during the optimization process.
WARNING:Xst:1895 - Due to other FF/Latch trimming, FF/Latch <pila1/aux_5_8> (without init value) has a constant value of 0 in block <ESCOMIPS>. This FF/Latch will be trimmed during the optimization process.
WARNING:Xst:1895 - Due to other FF/Latch trimming, FF/Latch <pila1/aux_5_9> (without init value) has a constant value of 0 in block <ESCOMIPS>. This FF/Latch will be trimmed during the optimization process.
WARNING:Xst:1895 - Due to other FF/Latch trimming, FF/Latch <pila1/aux_5_10> (without init value) has a constant value of 0 in block <ESCOMIPS>. This FF/Latch will be trimmed during the optimization process.
WARNING:Xst:1895 - Due to other FF/Latch trimming, FF/Latch <pila1/aux_5_11> (without init value) has a constant value of 0 in block <ESCOMIPS>. This FF/Latch will be trimmed during the optimization process.
WARNING:Xst:1895 - Due to other FF/Latch trimming, FF/Latch <pila1/aux_5_12> (without init value) has a constant value of 0 in block <ESCOMIPS>. This FF/Latch will be trimmed during the optimization process.
WARNING:Xst:1895 - Due to other FF/Latch trimming, FF/Latch <pila1/aux_5_13> (without init value) has a constant value of 0 in block <ESCOMIPS>. This FF/Latch will be trimmed during the optimization process.
WARNING:Xst:1895 - Due to other FF/Latch trimming, FF/Latch <pila1/aux_5_14> (without init value) has a constant value of 0 in block <ESCOMIPS>. This FF/Latch will be trimmed during the optimization process.
WARNING:Xst:1895 - Due to other FF/Latch trimming, FF/Latch <pila1/aux_5_15> (without init value) has a constant value of 0 in block <ESCOMIPS>. This FF/Latch will be trimmed during the optimization process.
WARNING:Xst:1895 - Due to other FF/Latch trimming, FF/Latch <pila1/aux_6_0> (without init value) has a constant value of 0 in block <ESCOMIPS>. This FF/Latch will be trimmed during the optimization process.
WARNING:Xst:1895 - Due to other FF/Latch trimming, FF/Latch <pila1/aux_6_1> (without init value) has a constant value of 0 in block <ESCOMIPS>. This FF/Latch will be trimmed during the optimization process.
WARNING:Xst:1895 - Due to other FF/Latch trimming, FF/Latch <pila1/aux_6_2> (without init value) has a constant value of 0 in block <ESCOMIPS>. This FF/Latch will be trimmed during the optimization process.
WARNING:Xst:1895 - Due to other FF/Latch trimming, FF/Latch <pila1/aux_6_3> (without init value) has a constant value of 0 in block <ESCOMIPS>. This FF/Latch will be trimmed during the optimization process.
WARNING:Xst:1895 - Due to other FF/Latch trimming, FF/Latch <pila1/aux_6_4> (without init value) has a constant value of 0 in block <ESCOMIPS>. This FF/Latch will be trimmed during the optimization process.
WARNING:Xst:1895 - Due to other FF/Latch trimming, FF/Latch <pila1/aux_6_5> (without init value) has a constant value of 0 in block <ESCOMIPS>. This FF/Latch will be trimmed during the optimization process.
WARNING:Xst:1895 - Due to other FF/Latch trimming, FF/Latch <pila1/aux_6_6> (without init value) has a constant value of 0 in block <ESCOMIPS>. This FF/Latch will be trimmed during the optimization process.
WARNING:Xst:1895 - Due to other FF/Latch trimming, FF/Latch <pila1/aux_6_7> (without init value) has a constant value of 0 in block <ESCOMIPS>. This FF/Latch will be trimmed during the optimization process.
WARNING:Xst:1895 - Due to other FF/Latch trimming, FF/Latch <pila1/aux_6_8> (without init value) has a constant value of 0 in block <ESCOMIPS>. This FF/Latch will be trimmed during the optimization process.
WARNING:Xst:1895 - Due to other FF/Latch trimming, FF/Latch <pila1/aux_6_9> (without init value) has a constant value of 0 in block <ESCOMIPS>. This FF/Latch will be trimmed during the optimization process.
WARNING:Xst:1895 - Due to other FF/Latch trimming, FF/Latch <pila1/aux_6_10> (without init value) has a constant value of 0 in block <ESCOMIPS>. This FF/Latch will be trimmed during the optimization process.
WARNING:Xst:1895 - Due to other FF/Latch trimming, FF/Latch <pila1/aux_6_11> (without init value) has a constant value of 0 in block <ESCOMIPS>. This FF/Latch will be trimmed during the optimization process.
WARNING:Xst:1895 - Due to other FF/Latch trimming, FF/Latch <pila1/aux_6_12> (without init value) has a constant value of 0 in block <ESCOMIPS>. This FF/Latch will be trimmed during the optimization process.
WARNING:Xst:1895 - Due to other FF/Latch trimming, FF/Latch <pila1/aux_6_13> (without init value) has a constant value of 0 in block <ESCOMIPS>. This FF/Latch will be trimmed during the optimization process.
WARNING:Xst:1895 - Due to other FF/Latch trimming, FF/Latch <pila1/aux_6_14> (without init value) has a constant value of 0 in block <ESCOMIPS>. This FF/Latch will be trimmed during the optimization process.
WARNING:Xst:1895 - Due to other FF/Latch trimming, FF/Latch <pila1/aux_6_15> (without init value) has a constant value of 0 in block <ESCOMIPS>. This FF/Latch will be trimmed during the optimization process.
WARNING:Xst:1895 - Due to other FF/Latch trimming, FF/Latch <pila1/aux_3_6> (without init value) has a constant value of 0 in block <ESCOMIPS>. This FF/Latch will be trimmed during the optimization process.
WARNING:Xst:1895 - Due to other FF/Latch trimming, FF/Latch <pila1/aux_3_7> (without init value) has a constant value of 0 in block <ESCOMIPS>. This FF/Latch will be trimmed during the optimization process.
WARNING:Xst:1895 - Due to other FF/Latch trimming, FF/Latch <pila1/aux_3_8> (without init value) has a constant value of 0 in block <ESCOMIPS>. This FF/Latch will be trimmed during the optimization process.
WARNING:Xst:1895 - Due to other FF/Latch trimming, FF/Latch <pila1/aux_3_9> (without init value) has a constant value of 0 in block <ESCOMIPS>. This FF/Latch will be trimmed during the optimization process.
WARNING:Xst:1895 - Due to other FF/Latch trimming, FF/Latch <pila1/aux_3_10> (without init value) has a constant value of 0 in block <ESCOMIPS>. This FF/Latch will be trimmed during the optimization process.
WARNING:Xst:1895 - Due to other FF/Latch trimming, FF/Latch <pila1/aux_3_11> (without init value) has a constant value of 0 in block <ESCOMIPS>. This FF/Latch will be trimmed during the optimization process.
WARNING:Xst:1895 - Due to other FF/Latch trimming, FF/Latch <pila1/aux_3_12> (without init value) has a constant value of 0 in block <ESCOMIPS>. This FF/Latch will be trimmed during the optimization process.
WARNING:Xst:1895 - Due to other FF/Latch trimming, FF/Latch <pila1/aux_3_13> (without init value) has a constant value of 0 in block <ESCOMIPS>. This FF/Latch will be trimmed during the optimization process.
WARNING:Xst:1895 - Due to other FF/Latch trimming, FF/Latch <pila1/aux_3_14> (without init value) has a constant value of 0 in block <ESCOMIPS>. This FF/Latch will be trimmed during the optimization process.
WARNING:Xst:1895 - Due to other FF/Latch trimming, FF/Latch <pila1/aux_3_15> (without init value) has a constant value of 0 in block <ESCOMIPS>. This FF/Latch will be trimmed during the optimization process.
WARNING:Xst:1895 - Due to other FF/Latch trimming, FF/Latch <pila1/aux_7_0> (without init value) has a constant value of 0 in block <ESCOMIPS>. This FF/Latch will be trimmed during the optimization process.
WARNING:Xst:1895 - Due to other FF/Latch trimming, FF/Latch <pila1/aux_7_1> (without init value) has a constant value of 0 in block <ESCOMIPS>. This FF/Latch will be trimmed during the optimization process.
WARNING:Xst:1895 - Due to other FF/Latch trimming, FF/Latch <pila1/aux_7_2> (without init value) has a constant value of 0 in block <ESCOMIPS>. This FF/Latch will be trimmed during the optimization process.
WARNING:Xst:1895 - Due to other FF/Latch trimming, FF/Latch <pila1/aux_7_3> (without init value) has a constant value of 0 in block <ESCOMIPS>. This FF/Latch will be trimmed during the optimization process.
WARNING:Xst:1895 - Due to other FF/Latch trimming, FF/Latch <pila1/aux_7_4> (without init value) has a constant value of 0 in block <ESCOMIPS>. This FF/Latch will be trimmed during the optimization process.
WARNING:Xst:1895 - Due to other FF/Latch trimming, FF/Latch <pila1/aux_7_5> (without init value) has a constant value of 0 in block <ESCOMIPS>. This FF/Latch will be trimmed during the optimization process.
WARNING:Xst:1895 - Due to other FF/Latch trimming, FF/Latch <pila1/aux_7_6> (without init value) has a constant value of 0 in block <ESCOMIPS>. This FF/Latch will be trimmed during the optimization process.
WARNING:Xst:1895 - Due to other FF/Latch trimming, FF/Latch <pila1/aux_7_7> (without init value) has a constant value of 0 in block <ESCOMIPS>. This FF/Latch will be trimmed during the optimization process.
WARNING:Xst:1895 - Due to other FF/Latch trimming, FF/Latch <pila1/aux_7_8> (without init value) has a constant value of 0 in block <ESCOMIPS>. This FF/Latch will be trimmed during the optimization process.
WARNING:Xst:1895 - Due to other FF/Latch trimming, FF/Latch <pila1/aux_7_9> (without init value) has a constant value of 0 in block <ESCOMIPS>. This FF/Latch will be trimmed during the optimization process.
WARNING:Xst:1895 - Due to other FF/Latch trimming, FF/Latch <pila1/aux_7_10> (without init value) has a constant value of 0 in block <ESCOMIPS>. This FF/Latch will be trimmed during the optimization process.
WARNING:Xst:1895 - Due to other FF/Latch trimming, FF/Latch <pila1/aux_7_11> (without init value) has a constant value of 0 in block <ESCOMIPS>. This FF/Latch will be trimmed during the optimization process.
WARNING:Xst:1895 - Due to other FF/Latch trimming, FF/Latch <pila1/aux_7_12> (without init value) has a constant value of 0 in block <ESCOMIPS>. This FF/Latch will be trimmed during the optimization process.
WARNING:Xst:1895 - Due to other FF/Latch trimming, FF/Latch <pila1/aux_7_13> (without init value) has a constant value of 0 in block <ESCOMIPS>. This FF/Latch will be trimmed during the optimization process.
WARNING:Xst:1895 - Due to other FF/Latch trimming, FF/Latch <pila1/aux_7_14> (without init value) has a constant value of 0 in block <ESCOMIPS>. This FF/Latch will be trimmed during the optimization process.
WARNING:Xst:1895 - Due to other FF/Latch trimming, FF/Latch <pila1/aux_7_15> (without init value) has a constant value of 0 in block <ESCOMIPS>. This FF/Latch will be trimmed during the optimization process.
WARNING:Xst:1895 - Due to other FF/Latch trimming, FF/Latch <pila1/aux_5_0> (without init value) has a constant value of 0 in block <ESCOMIPS>. This FF/Latch will be trimmed during the optimization process.
WARNING:Xst:1895 - Due to other FF/Latch trimming, FF/Latch <pila1/aux_5_1> (without init value) has a constant value of 0 in block <ESCOMIPS>. This FF/Latch will be trimmed during the optimization process.
WARNING:Xst:1895 - Due to other FF/Latch trimming, FF/Latch <pila1/aux_5_2> (without init value) has a constant value of 0 in block <ESCOMIPS>. This FF/Latch will be trimmed during the optimization process.

Mapping all equations...
Building and optimizing final netlist ...
Found area constraint ratio of 100 (+ 5) on block ESCOMIPS, actual ratio is 0.

Final Macro Processing ...

=========================================================================
Final Register Report

Macro Statistics
# Registers                                            : 149
 Flip-Flops                                            : 149

=========================================================================

=========================================================================
*                           Partition Report                            *
=========================================================================

Partition Implementation Status
-------------------------------

  No Partitions were found in this design.

-------------------------------

=========================================================================
*                            Design Summary                             *
=========================================================================

Top Level Output File Name         : ESCOMIPS.ngc

Primitive and Black Box Usage:
------------------------------
# BELS                             : 617
#      GND                         : 1
#      INV                         : 3
#      LUT1                        : 15
#      LUT2                        : 1
#      LUT3                        : 71
#      LUT4                        : 53
#      LUT5                        : 63
#      LUT6                        : 260
#      MUXCY                       : 15
#      MUXF7                       : 86
#      MUXF8                       : 32
#      VCC                         : 1
#      XORCY                       : 16
# FlipFlops/Latches                : 149
#      FD_1                        : 1
#      FDC                         : 1
#      FDC_1                       : 1
#      FDCE                        : 144
#      FDCE_1                      : 2
# RAMS                             : 128
#      RAM256X1S                   : 128
# Clock Buffers                    : 1
#      BUFGP                       : 1
# IO Buffers                       : 134
#      IBUF                        : 1
#      OBUF                        : 133

Device utilization summary:
---------------------------

Selected Device : 7a100tcsg324-3 


Slice Logic Utilization: 
 Number of Slice Registers:             149  out of  126800     0%  
 Number of Slice LUTs:                  978  out of  63400     1%  
    Number used as Logic:               466  out of  63400     0%  
    Number used as Memory:              512  out of  19000     2%  
       Number used as RAM:              512

Slice Logic Distribution: 
 Number of LUT Flip Flop pairs used:   1078
   Number with an unused Flip Flop:     929  out of   1078    86%  
   Number with an unused LUT:           100  out of   1078     9%  
   Number of fully used LUT-FF pairs:    49  out of   1078     4%  
   Number of unique control sets:        12

IO Utilization: 
 Number of IOs:                         135
 Number of bonded IOBs:                 135  out of    210    64%  

Specific Feature Utilization:
 Number of BUFG/BUFGCTRLs:                1  out of     32     3%  

---------------------------
Partition Resource Summary:
---------------------------

  No Partitions were found in this design.

---------------------------


=========================================================================
Timing Report

NOTE: THESE TIMING NUMBERS ARE ONLY A SYNTHESIS ESTIMATE.
      FOR ACCURATE TIMING INFORMATION PLEASE REFER TO THE TRACE REPORT
      GENERATED AFTER PLACE-and-ROUTE.

Clock Information:
------------------
-----------------------------------+------------------------+-------+
Clock Signal                       | Clock buffer(FF name)  | Load  |
-----------------------------------+------------------------+-------+
clk                                | BUFGP                  | 277   |
-----------------------------------+------------------------+-------+

Asynchronous Control Signals Information:
----------------------------------------
No asynchronous control signals found in this design

Timing Summary:
---------------
Speed Grade: -3

   Minimum period: 16.809ns (Maximum Frequency: 59.491MHz)
   Minimum input arrival time before clock: 0.288ns
   Maximum output required time after clock: 8.680ns
   Maximum combinational path delay: No path found

Timing Details:
---------------
All values displayed in nanoseconds (ns)

=========================================================================
Timing constraint: Default period analysis for Clock 'clk'
  Clock period: 16.809ns (frequency: 59.491MHz)
  Total number of paths / destination ports: 32801379 / 1722
-------------------------------------------------------------------------
Delay:               8.405ns (Levels of Logic = 17)
  Source:            pila1/aux_0_2 (FF)
  Destination:       unionE/regEdo1/salReg_0 (FF)
  Source Clock:      clk rising
  Destination Clock: clk falling

  Data Path: pila1/aux_0_2 to unionE/regEdo1/salReg_0
                                Gate     Net
    Cell:in->out      fanout   Delay   Delay  Logical Name (Net Name)
    ----------------------------------------  ------------
     FDCE:C->Q            20   0.361   0.599  pila1/aux_0_2 (pila1/aux_0_2)
     LUT3:I0->O            1   0.097   0.295  memoriaPrograma1/Mram_data_out4711_SW0 (N302)
     LUT6:I5->O           36   0.097   0.791  memoriaPrograma1/Mram_data_out4711 (instruccionS_24_OBUF)
     LUT5:I0->O            3   0.097   0.305  unionE/unicontrol1/Mmux_sdopc31 (unionE/unicontrol1/Mmux_sdopc3)
     LUT4:I3->O           13   0.097   0.351  unionE/unicontrol1/Mmux_sdopc33 (unionE/sdopc2)
     LUT6:I5->O           16   0.097   0.348  Mmux_salidaSR2E31 (salidaSR2E<2>)
     MUXF7:S->O            1   0.335   0.000  archivoReg/mux24_4_f7 (archivoReg/mux24_4_f7)
     MUXF8:I0->O          10   0.218   0.337  archivoReg/mux24_2_f8 (lectura2_2_OBUF)
     LUT4:I3->O            2   0.097   0.516  aluFinal/Mxor_b_Res<2>_xo<0>1 (aluFinal/b_Res<2>)
     LUT6:I3->O            3   0.097   0.305  aluFinal/c<3>1 (aluFinal/c<3>)
     LUT6:I5->O            3   0.097   0.305  aluFinal/c<5>1 (aluFinal/c<5>)
     LUT6:I5->O            3   0.097   0.305  aluFinal/c<7>1 (aluFinal/c<7>)
     LUT6:I5->O            3   0.097   0.305  aluFinal/c<9>1 (aluFinal/c<9>)
     LUT6:I5->O            7   0.097   0.407  aluFinal/Mmux_res<9>11 (salidaESCOMIPS_9_OBUF)
     LUT6:I4->O            2   0.097   0.299  aluFinal/z<15>2 (aluFinal/z<15>1)
     LUT6:I5->O            1   0.097   0.000  aluFinal/z<15>3_SW0_SW0_F (N351)
     MUXF7:I0->O           1   0.277   0.379  aluFinal/z<15>3_SW0_SW0 (N340)
     LUT6:I4->O            2   0.097   0.000  aluFinal/z<15>3 (banderasESCOM_0_OBUF)
     FDCE_1:D                  0.008          unionE/regEdo1/salReg_0
    ----------------------------------------
    Total                      8.405ns (2.557ns logic, 5.848ns route)
                                       (30.4% logic, 69.6% route)

=========================================================================
Timing constraint: Default OFFSET IN BEFORE for Clock 'clk'
  Total number of paths / destination ports: 1 / 1
-------------------------------------------------------------------------
Offset:              0.288ns (Levels of Logic = 1)
  Source:            clr (PAD)
  Destination:       clear2 (FF)
  Destination Clock: clk falling

  Data Path: clr to clear2
                                Gate     Net
    Cell:in->out      fanout   Delay   Delay  Logical Name (Net Name)
    ----------------------------------------  ------------
     IBUF:I->O             1   0.001   0.279  clr_IBUF (clr_IBUF)
     FD_1:D                    0.008          clear2
    ----------------------------------------
    Total                      0.288ns (0.009ns logic, 0.279ns route)
                                       (3.1% logic, 96.9% route)

=========================================================================
Timing constraint: Default OFFSET OUT AFTER for Clock 'clk'
  Total number of paths / destination ports: 2129559 / 131
-------------------------------------------------------------------------
Offset:              8.680ns (Levels of Logic = 18)
  Source:            pila1/aux_0_2 (FF)
  Destination:       banderasESCOM<0> (PAD)
  Source Clock:      clk rising

  Data Path: pila1/aux_0_2 to banderasESCOM<0>
                                Gate     Net
    Cell:in->out      fanout   Delay   Delay  Logical Name (Net Name)
    ----------------------------------------  ------------
     FDCE:C->Q            20   0.361   0.599  pila1/aux_0_2 (pila1/aux_0_2)
     LUT3:I0->O            1   0.097   0.295  memoriaPrograma1/Mram_data_out4711_SW0 (N302)
     LUT6:I5->O           36   0.097   0.791  memoriaPrograma1/Mram_data_out4711 (instruccionS_24_OBUF)
     LUT5:I0->O            3   0.097   0.305  unionE/unicontrol1/Mmux_sdopc31 (unionE/unicontrol1/Mmux_sdopc3)
     LUT4:I3->O           13   0.097   0.351  unionE/unicontrol1/Mmux_sdopc33 (unionE/sdopc2)
     LUT6:I5->O           16   0.097   0.348  Mmux_salidaSR2E31 (salidaSR2E<2>)
     MUXF7:S->O            1   0.335   0.000  archivoReg/mux24_4_f7 (archivoReg/mux24_4_f7)
     MUXF8:I0->O          10   0.218   0.337  archivoReg/mux24_2_f8 (lectura2_2_OBUF)
     LUT4:I3->O            2   0.097   0.516  aluFinal/Mxor_b_Res<2>_xo<0>1 (aluFinal/b_Res<2>)
     LUT6:I3->O            3   0.097   0.305  aluFinal/c<3>1 (aluFinal/c<3>)
     LUT6:I5->O            3   0.097   0.305  aluFinal/c<5>1 (aluFinal/c<5>)
     LUT6:I5->O            3   0.097   0.305  aluFinal/c<7>1 (aluFinal/c<7>)
     LUT6:I5->O            3   0.097   0.305  aluFinal/c<9>1 (aluFinal/c<9>)
     LUT6:I5->O            7   0.097   0.407  aluFinal/Mmux_res<9>11 (salidaESCOMIPS_9_OBUF)
     LUT6:I4->O            2   0.097   0.299  aluFinal/z<15>2 (aluFinal/z<15>1)
     LUT6:I5->O            1   0.097   0.000  aluFinal/z<15>3_SW0_SW0_F (N351)
     MUXF7:I0->O           1   0.277   0.379  aluFinal/z<15>3_SW0_SW0 (N340)
     LUT6:I4->O            2   0.097   0.283  aluFinal/z<15>3 (banderasESCOM_0_OBUF)
     OBUF:I->O                 0.000          banderasESCOM_0_OBUF (banderasESCOM<0>)
    ----------------------------------------
    Total                      8.680ns (2.549ns logic, 6.131ns route)
                                       (29.4% logic, 70.6% route)

=========================================================================

Cross Clock Domains Report:
--------------------------

Clock to Setup on destination clock clk
---------------+---------+---------+---------+---------+
               | Src:Rise| Src:Fall| Src:Rise| Src:Fall|
Source Clock   |Dest:Rise|Dest:Rise|Dest:Fall|Dest:Fall|
---------------+---------+---------+---------+---------+
clk            |    8.635|    7.537|    8.405|         |
---------------+---------+---------+---------+---------+

=========================================================================


Total REAL time to Xst completion: 73.00 secs
Total CPU time to Xst completion: 72.90 secs
 
--> 

Total memory usage is 352024 kilobytes

Number of errors   :    0 (   0 filtered)
Number of warnings :  249 (   0 filtered)
Number of infos    :    6 (   0 filtered)

