Command line:
   T_DF2_isim_beh.exe
     -simmode  gui
     -simrunnum  0
     -socket  53358

Thu May 18 15:48:00 2017


 Elaboration Time: 0.187201 sec

 Current Memory Usage: 660.308 Meg

 Total Signals          : 9
 Total Nets             : 51
 Total Signal Drivers   : 6
 Total Blocks           : 5
 Total Primitive Blocks : 4
 Total Processes        : 5
 Total Traceable Variables  : 12
 Total Scalar Nets and Variables : 431
Total Line Count : 16

 Total Simulation Time: 0.265202 sec

 Current Memory Usage: 660.308 Meg

Thu May 18 15:48:15 2017

