Command line:
   t_control_isim_beh.exe
     -simmode  gui
     -simrunnum  0
     -socket  52554

Thu May 18 13:01:29 2017


 Elaboration Time: 0.202802 sec

 Current Memory Usage: 659.902 Meg

 Total Signals          : 22
 Total Nets             : 12
 Total Signal Drivers   : 12
 Total Blocks           : 3
 Total Primitive Blocks : 2
 Total Processes        : 4
 Total Traceable Variables  : 9
 Total Scalar Nets and Variables : 373
Total Line Count : 41

 Total Simulation Time: 0.327603 sec

 Current Memory Usage: 659.902 Meg

Thu May 18 13:24:05 2017

