Running: C:\Xilinx\14.7\ISE_DS\ISE\bin\nt64\unwrapped\fuse.exe -intstyle ise -incremental -lib secureip -o C:/Users/Caos/Desktop/ESCOM/2017-2/Materias/Arqui/Practicas/Practica9/UnidadDeControl/UnidadDeControl_tb_isim_beh.exe -prj C:/Users/Caos/Desktop/ESCOM/2017-2/Materias/Arqui/Practicas/Practica9/UnidadDeControl/UnidadDeControl_tb_beh.prj work.UnidadDeControl_tb 
ISim P.20131013 (signature 0x7708f090)
Number of CPUs detected in this system: 8
Turning on mult-threading, number of parallel sub-compilation jobs: 16 
Determining compilation order of HDL files
Parsing VHDL file "C:/Users/Caos/Desktop/ESCOM/2017-2/Materias/Arqui/Practicas/Practica9/UnidadDeControl/VerificadorCondicion.vhd" into library work
Parsing VHDL file "C:/Users/Caos/Desktop/ESCOM/2017-2/Materias/Arqui/Practicas/Practica9/UnidadDeControl/UnidadControl.vhd" into library work
Parsing VHDL file "C:/Users/Caos/Desktop/ESCOM/2017-2/Materias/Arqui/Practicas/Practica9/UnidadDeControl/RegistroBanderas.vhd" into library work
Parsing VHDL file "C:/Users/Caos/Desktop/ESCOM/2017-2/Materias/Arqui/Practicas/Practica9/UnidadDeControl/PaqueteUC.vhd" into library work
Parsing VHDL file "C:/Users/Caos/Desktop/ESCOM/2017-2/Materias/Arqui/Practicas/Practica9/UnidadDeControl/DetectorNivel.vhd" into library work
Parsing VHDL file "C:/Users/Caos/Desktop/ESCOM/2017-2/Materias/Arqui/Practicas/Practica9/UnidadDeControl/DecodificadorInstruccion.vhd" into library work
Parsing VHDL file "C:/Users/Caos/Desktop/ESCOM/2017-2/Materias/Arqui/Practicas/Practica9/UnidadDeControl/CodigoOperacionROM.vhd" into library work
Parsing VHDL file "C:/Users/Caos/Desktop/ESCOM/2017-2/Materias/Arqui/Practicas/Practica9/UnidadDeControl/CodigoFuncionROM.vhd" into library work
Parsing VHDL file "C:/Users/Caos/Desktop/ESCOM/2017-2/Materias/Arqui/Practicas/Practica9/UnidadDeControl/UnidadDeControl.vhd" into library work
Parsing VHDL file "C:/Users/Caos/Desktop/ESCOM/2017-2/Materias/Arqui/Practicas/Practica9/UnidadDeControl/UnidadDeControl_tb.vhd" into library work
Starting static elaboration
Completed static elaboration
Compiling package standard
Compiling package std_logic_1164
Compiling package textio
Compiling package std_logic_textio
Compiling package paqueteuc
Compiling package std_logic_arith
Compiling package std_logic_unsigned
Compiling architecture behavioral of entity RegistroBanderas [registrobanderas_default]
Compiling architecture behavioral of entity VerificadorCondicion [verificadorcondicion_default]
Compiling architecture behavioral of entity DetectorNivel [detectornivel_default]
Compiling architecture behavioral of entity DecodificadorInstruccion [decodificadorinstruccion_default]
Compiling architecture behavioral of entity UnidadControl [unidadcontrol_default]
Compiling architecture behavioral of entity CodigoOperacionROM [\CodigoOperacionROM(20,5)\]
Compiling architecture behavioral of entity CodigoFuncionROM [\CodigoFuncionROM(20,4)\]
Compiling architecture behavioral of entity UnidadDeControl [\UnidadDeControl(20,5,4)\]
Compiling architecture behavior of entity unidaddecontrol_tb
Time Resolution for simulation is 1ps.
Waiting for 1 sub-compilation(s) to finish...
Compiled 24 VHDL Units
Built simulation executable C:/Users/Caos/Desktop/ESCOM/2017-2/Materias/Arqui/Practicas/Practica9/UnidadDeControl/UnidadDeControl_tb_isim_beh.exe
Fuse Memory Usage: 35240 KB
Fuse CPU Usage: 765 ms
