Command line:
   t_fecth_isim_beh.exe
     -simmode  gui
     -simrunnum  0
     -socket  51717

Wed May 03 17:05:17 2017


 Elaboration Time: 0.1716 sec

 Current Memory Usage: 660.046 Meg

 Total Signals          : 30
 Total Nets             : 154
 Total Signal Drivers   : 9
 Total Blocks           : 10
 Total Primitive Blocks : 8
 Total Processes        : 5
 Total Traceable Variables  : 36
 Total Scalar Nets and Variables : 52535
Total Line Count : 133

 Total Simulation Time: 0.280801 sec

 Current Memory Usage: 660.046 Meg

Wed May 03 22:12:08 2017

