Release 14.7 - xst P.20131013 (nt)
Copyright (c) 1995-2013 Xilinx, Inc.  All rights reserved.
--> Parameter TMPDIR set to xst/projnav.tmp


Total REAL time to Xst completion: 1.00 secs
Total CPU time to Xst completion: 0.42 secs
 
--> Parameter xsthdpdir set to xst


Total REAL time to Xst completion: 1.00 secs
Total CPU time to Xst completion: 0.42 secs
 
--> Reading design: fetch.prj

TABLE OF CONTENTS
  1) Synthesis Options Summary
  2) HDL Parsing
  3) HDL Elaboration
  4) HDL Synthesis
       4.1) HDL Synthesis Report
  5) Advanced HDL Synthesis
       5.1) Advanced HDL Synthesis Report
  6) Low Level Synthesis
  7) Partition Report
  8) Design Summary
       8.1) Primitive and Black Box Usage
       8.2) Device utilization summary
       8.3) Partition Resource Summary
       8.4) Timing Report
            8.4.1) Clock Information
            8.4.2) Asynchronous Control Signals Information
            8.4.3) Timing Summary
            8.4.4) Timing Details
            8.4.5) Cross Clock Domains Report


=========================================================================
*                      Synthesis Options Summary                        *
=========================================================================
---- Source Parameters
Input File Name                    : "fetch.prj"
Ignore Synthesis Constraint File   : NO

---- Target Parameters
Output File Name                   : "fetch"
Output Format                      : NGC
Target Device                      : xc7a100t-3-csg324

---- Source Options
Top Module Name                    : fetch
Automatic FSM Extraction           : YES
FSM Encoding Algorithm             : Auto
Safe Implementation                : No
FSM Style                          : LUT
RAM Extraction                     : Yes
RAM Style                          : Auto
ROM Extraction                     : Yes
Shift Register Extraction          : YES
ROM Style                          : Auto
Resource Sharing                   : YES
Asynchronous To Synchronous        : NO
Shift Register Minimum Size        : 2
Use DSP Block                      : Auto
Automatic Register Balancing       : No

---- Target Options
LUT Combining                      : Auto
Reduce Control Sets                : Auto
Add IO Buffers                     : YES
Global Maximum Fanout              : 100000
Add Generic Clock Buffer(BUFG)     : 32
Register Duplication               : YES
Optimize Instantiated Primitives   : NO
Use Clock Enable                   : Auto
Use Synchronous Set                : Auto
Use Synchronous Reset              : Auto
Pack IO Registers into IOBs        : Auto
Equivalent register Removal        : YES

---- General Options
Optimization Goal                  : Speed
Optimization Effort                : 1
Power Reduction                    : NO
Keep Hierarchy                     : No
Netlist Hierarchy                  : As_Optimized
RTL Output                         : Yes
Global Optimization                : AllClockNets
Read Cores                         : YES
Write Timing Constraints           : NO
Cross Clock Analysis               : NO
Hierarchy Separator                : /
Bus Delimiter                      : <>
Case Specifier                     : Maintain
Slice Utilization Ratio            : 100
BRAM Utilization Ratio             : 100
DSP48 Utilization Ratio            : 100
Auto BRAM Packing                  : NO
Slice Utilization Ratio Delta      : 5

=========================================================================


=========================================================================
*                          HDL Parsing                                  *
=========================================================================
Parsing VHDL file "C:\Users\Acer\Desktop\Arquitectura\p6\fetch\pila.vhd" into library work
Parsing entity <pila>.
Parsing architecture <Behavioral> of entity <pila>.
Parsing VHDL file "C:\Users\Acer\Desktop\Arquitectura\p6\fetch\memProg.vhd" into library work
Parsing entity <memProg>.
Parsing architecture <Behavioral> of entity <memprog>.
Parsing VHDL file "C:\Users\Acer\Desktop\Arquitectura\p6\fetch\fetch.vhd" into library work
Parsing entity <fetch>.
Parsing architecture <Behavioral> of entity <fetch>.

=========================================================================
*                            HDL Elaboration                            *
=========================================================================

Elaborating entity <fetch> (architecture <Behavioral>) with generics from library <work>.

Elaborating entity <pila> (architecture <Behavioral>) with generics from library <work>.

Elaborating entity <memProg> (architecture <Behavioral>) with generics from library <work>.

=========================================================================
*                           HDL Synthesis                               *
=========================================================================

Synthesizing Unit <fetch>.
    Related source file is "C:\Users\Acer\Desktop\Arquitectura\p6\fetch\fetch.vhd".
        bus_dir = 11
        bus_datos = 25
    Summary:
	no macro.
Unit <fetch> synthesized.

Synthesizing Unit <pila>.
    Related source file is "C:\Users\Acer\Desktop\Arquitectura\p6\fetch\pila.vhd".
        n = 8
    Found 11-bit register for signal <aux<0>>.
    Found 11-bit register for signal <aux<1>>.
    Found 11-bit register for signal <aux<2>>.
    Found 11-bit register for signal <aux<3>>.
    Found 11-bit register for signal <aux<4>>.
    Found 11-bit register for signal <aux<5>>.
    Found 11-bit register for signal <aux<6>>.
    Found 11-bit register for signal <aux<7>>.
    Found 3-bit register for signal <sp>.
    Found 3-bit adder for signal <sp[2]_GND_6_o_add_30_OUT> created at line 41.
    Found 11-bit adder for signal <sp[2]_GND_6_o_add_51_OUT> created at line 47.
    Found 11-bit adder for signal <GND_6_o_GND_6_o_add_63_OUT> created at line 50.
    Found 3-bit subtractor for signal <GND_6_o_GND_6_o_sub_62_OUT<2:0>> created at line 49.
    Found 11-bit 8-to-1 multiplexer for signal <n0237> created at line 50.
    Found 11-bit 8-to-1 multiplexer for signal <BUS_PC> created at line 55.
    Summary:
	inferred   4 Adder/Subtractor(s).
	inferred  91 D-type flip-flop(s).
	inferred  35 Multiplexer(s).
Unit <pila> synthesized.

Synthesizing Unit <memProg>.
    Related source file is "C:\Users\Acer\Desktop\Arquitectura\p6\fetch\memProg.vhd".
        bus_dir = 11
        bus_datos = 25
    Found 2048x25-bit Read Only RAM for signal <data_out>
    Summary:
	inferred   1 RAM(s).
Unit <memProg> synthesized.

=========================================================================
HDL Synthesis Report

Macro Statistics
# RAMs                                                 : 1
 2048x25-bit single-port Read Only RAM                 : 1
# Adders/Subtractors                                   : 4
 11-bit adder                                          : 2
 3-bit adder                                           : 1
 3-bit subtractor                                      : 1
# Registers                                            : 9
 11-bit register                                       : 8
 3-bit register                                        : 1
# Multiplexers                                         : 35
 11-bit 2-to-1 multiplexer                             : 32
 11-bit 8-to-1 multiplexer                             : 2
 3-bit 2-to-1 multiplexer                              : 1

=========================================================================

=========================================================================
*                       Advanced HDL Synthesis                          *
=========================================================================


Synthesizing (advanced) Unit <memProg>.
INFO:Xst:3218 - HDL ADVISOR - The RAM <Mram_data_out> will be implemented on LUTs either because you have described an asynchronous read or because of currently unsupported block RAM features. If you have described an asynchronous read, making it synchronous would allow you to take advantage of available block RAM resources, for optimized device usage and improved timings. Please refer to your documentation for coding guidelines.
    -----------------------------------------------------------------------
    | ram_type           | Distributed                         |          |
    -----------------------------------------------------------------------
    | Port A                                                              |
    |     aspect ratio   | 2048-word x 25-bit                  |          |
    |     weA            | connected to signal <GND>           | high     |
    |     addrA          | connected to signal <dir_r>         |          |
    |     diA            | connected to signal <GND>           |          |
    |     doA            | connected to signal <data_out>      |          |
    -----------------------------------------------------------------------
Unit <memProg> synthesized (advanced).

=========================================================================
Advanced HDL Synthesis Report

Macro Statistics
# RAMs                                                 : 1
 2048x25-bit single-port distributed Read Only RAM     : 1
# Adders/Subtractors                                   : 4
 11-bit adder                                          : 2
 3-bit adder                                           : 1
 3-bit subtractor                                      : 1
# Registers                                            : 91
 Flip-Flops                                            : 91
# Multiplexers                                         : 55
 1-bit 8-to-1 multiplexer                              : 22
 11-bit 2-to-1 multiplexer                             : 32
 3-bit 2-to-1 multiplexer                              : 1

=========================================================================

=========================================================================
*                         Low Level Synthesis                           *
=========================================================================

Optimizing unit <fetch> ...

Optimizing unit <pila> ...

Mapping all equations...
Building and optimizing final netlist ...
Found area constraint ratio of 100 (+ 5) on block fetch, actual ratio is 0.

Final Macro Processing ...

=========================================================================
Final Register Report

Macro Statistics
# Registers                                            : 91
 Flip-Flops                                            : 91

=========================================================================

=========================================================================
*                           Partition Report                            *
=========================================================================

Partition Implementation Status
-------------------------------

  No Partitions were found in this design.

-------------------------------

=========================================================================
*                            Design Summary                             *
=========================================================================

Top Level Output File Name         : fetch.ngc

Primitive and Black Box Usage:
------------------------------
# BELS                             : 142
#      GND                         : 1
#      INV                         : 1
#      LUT2                        : 2
#      LUT3                        : 10
#      LUT4                        : 1
#      LUT5                        : 9
#      LUT6                        : 94
#      MUXF7                       : 24
# FlipFlops/Latches                : 91
#      FDCE                        : 91
# Clock Buffers                    : 1
#      BUFGP                       : 1
# IO Buffers                       : 54
#      IBUF                        : 15
#      OBUF                        : 39

Device utilization summary:
---------------------------

Selected Device : 7a100tcsg324-3 


Slice Logic Utilization: 
 Number of Slice Registers:              91  out of  126800     0%  
 Number of Slice LUTs:                  117  out of  63400     0%  
    Number used as Logic:               117  out of  63400     0%  

Slice Logic Distribution: 
 Number of LUT Flip Flop pairs used:    164
   Number with an unused Flip Flop:      73  out of    164    44%  
   Number with an unused LUT:            47  out of    164    28%  
   Number of fully used LUT-FF pairs:    44  out of    164    26%  
   Number of unique control sets:         9

IO Utilization: 
 Number of IOs:                          55
 Number of bonded IOBs:                  55  out of    210    26%  

Specific Feature Utilization:
 Number of BUFG/BUFGCTRLs:                1  out of     32     3%  

---------------------------
Partition Resource Summary:
---------------------------

  No Partitions were found in this design.

---------------------------


=========================================================================
Timing Report

NOTE: THESE TIMING NUMBERS ARE ONLY A SYNTHESIS ESTIMATE.
      FOR ACCURATE TIMING INFORMATION PLEASE REFER TO THE TRACE REPORT
      GENERATED AFTER PLACE-and-ROUTE.

Clock Information:
------------------
-----------------------------------+------------------------+-------+
Clock Signal                       | Clock buffer(FF name)  | Load  |
-----------------------------------+------------------------+-------+
clk                                | BUFGP                  | 91    |
-----------------------------------+------------------------+-------+

Asynchronous Control Signals Information:
----------------------------------------
No asynchronous control signals found in this design

Timing Summary:
---------------
Speed Grade: -3

   Minimum period: 3.082ns (Maximum Frequency: 324.412MHz)
   Minimum input arrival time before clock: 2.525ns
   Maximum output required time after clock: 2.956ns
   Maximum combinational path delay: No path found

Timing Details:
---------------
All values displayed in nanoseconds (ns)

=========================================================================
Timing constraint: Default period analysis for Clock 'clk'
  Clock period: 3.082ns (frequency: 324.412MHz)
  Total number of paths / destination ports: 16255 / 182
-------------------------------------------------------------------------
Delay:               3.082ns (Levels of Logic = 5)
  Source:            pila1/aux_4_5 (FF)
  Destination:       pila1/aux_0_10 (FF)
  Source Clock:      clk rising
  Destination Clock: clk rising

  Data Path: pila1/aux_4_5 to pila1/aux_0_10
                                Gate     Net
    Cell:in->out      fanout   Delay   Delay  Logical Name (Net Name)
    ----------------------------------------  ------------
     FDCE:C->Q             2   0.361   0.697  pila1/aux_4_5 (pila1/aux_4_5)
     LUT6:I0->O            1   0.097   0.000  pila1/mux17_3 (pila1/mux17_3)
     MUXF7:I1->O          11   0.279   0.740  pila1/mux17_2_f7 (q_5_OBUF)
     LUT6:I0->O            5   0.097   0.314  pila1/Madd_sp[2]_GND_6_o_add_51_OUT_cy<5>11 (pila1/Madd_sp[2]_GND_6_o_add_51_OUT_cy<5>)
     LUT6:I5->O            1   0.097   0.295  pila1/aux[0][10]_aux[0][10]_mux_110_OUT<8>2 (pila1/aux[0][10]_aux[0][10]_mux_110_OUT<8>2)
     LUT6:I5->O            8   0.097   0.000  pila1/aux[0][10]_aux[0][10]_mux_110_OUT<8>4 (pila1/aux[0][10]_aux[0][10]_mux_110_OUT<8>)
     FDCE:D                    0.008          pila1/aux_0_8
    ----------------------------------------
    Total                      3.082ns (1.036ns logic, 2.046ns route)
                                       (33.6% logic, 66.4% route)

=========================================================================
Timing constraint: Default OFFSET IN BEFORE for Clock 'clk'
  Total number of paths / destination ports: 1514 / 272
-------------------------------------------------------------------------
Offset:              2.525ns (Levels of Logic = 4)
  Source:            down (PAD)
  Destination:       pila1/aux_0_7 (FF)
  Destination Clock: clk rising

  Data Path: down to pila1/aux_0_7
                                Gate     Net
    Cell:in->out      fanout   Delay   Delay  Logical Name (Net Name)
    ----------------------------------------  ------------
     IBUF:I->O            26   0.001   0.799  down_IBUF (down_IBUF)
     LUT6:I0->O           14   0.097   0.743  pila1/aux[0][10]_aux[0][10]_mux_110_OUT<9>5 (pila1/aux[0][10]_aux[0][10]_mux_110_OUT<10>5)
     LUT6:I1->O            1   0.097   0.683  pila1/aux[0][10]_aux[0][10]_mux_110_OUT<7>2_SW1 (N14)
     LUT6:I1->O            8   0.097   0.000  pila1/aux[0][10]_aux[0][10]_mux_110_OUT<7>4 (pila1/aux[0][10]_aux[0][10]_mux_110_OUT<7>)
     FDCE:D                    0.008          pila1/aux_0_7
    ----------------------------------------
    Total                      2.525ns (0.300ns logic, 2.225ns route)
                                       (11.9% logic, 88.1% route)

=========================================================================
Timing constraint: Default OFFSET OUT AFTER for Clock 'clk'
  Total number of paths / destination ports: 1277 / 22
-------------------------------------------------------------------------
Offset:              2.956ns (Levels of Logic = 5)
  Source:            pila1/aux_4_2 (FF)
  Destination:       ins<21> (PAD)
  Source Clock:      clk rising

  Data Path: pila1/aux_4_2 to ins<21>
                                Gate     Net
    Cell:in->out      fanout   Delay   Delay  Logical Name (Net Name)
    ----------------------------------------  ------------
     FDCE:C->Q             2   0.361   0.698  pila1/aux_4_2 (pila1/aux_4_2)
     LUT6:I0->O            1   0.097   0.000  pila1/mux14_3 (pila1/mux14_3)
     MUXF7:I1->O          14   0.279   0.753  pila1/mux14_2_f7 (q_2_OBUF)
     LUT6:I0->O            1   0.097   0.295  memoria1/Mram_data_out1611_SW0 (N61)
     LUT6:I5->O            1   0.097   0.279  memoria1/Mram_data_out1611 (ins_12_OBUF)
     OBUF:I->O                 0.000          ins_12_OBUF (ins<12>)
    ----------------------------------------
    Total                      2.956ns (0.931ns logic, 2.025ns route)
                                       (31.5% logic, 68.5% route)

=========================================================================

Cross Clock Domains Report:
--------------------------

Clock to Setup on destination clock clk
---------------+---------+---------+---------+---------+
               | Src:Rise| Src:Fall| Src:Rise| Src:Fall|
Source Clock   |Dest:Rise|Dest:Rise|Dest:Fall|Dest:Fall|
---------------+---------+---------+---------+---------+
clk            |    3.082|         |         |         |
---------------+---------+---------+---------+---------+

=========================================================================


Total REAL time to Xst completion: 45.00 secs
Total CPU time to Xst completion: 45.11 secs
 
--> 

Total memory usage is 291968 kilobytes

Number of errors   :    0 (   0 filtered)
Number of warnings :    0 (   0 filtered)
Number of infos    :    1 (   0 filtered)

