Command line:
   t_DF3_isim_beh.exe
     -simmode  gui
     -simrunnum  0
     -socket  53424

Thu May 18 16:03:02 2017


 Elaboration Time: 0.171602 sec

 Current Memory Usage: 659.522 Meg

 Total Signals          : 9
 Total Nets             : 51
 Total Signal Drivers   : 5
 Total Blocks           : 5
 Total Primitive Blocks : 4
 Total Processes        : 5
 Total Traceable Variables  : 12
 Total Scalar Nets and Variables : 431
Total Line Count : 13

 Total Simulation Time: 0.187202 sec

 Current Memory Usage: 975.143 Meg

Thu May 18 16:03:43 2017

