Running: C:\Xilinx\14.7\ISE_DS\ISE\bin\nt\unwrapped\fuse.exe -intstyle ise -incremental -lib secureip -o C:/Users/Acer/Desktop/Arquitectura/p7/contador/T_contador_isim_beh.exe -prj C:/Users/Acer/Desktop/Arquitectura/p7/contador/T_contador_beh.prj work.T_contador 
ISim P.20131013 (signature 0x8ef4fb42)
Number of CPUs detected in this system: 2
Turning on mult-threading, number of parallel sub-compilation jobs: 4 
Determining compilation order of HDL files
Parsing VHDL file "C:/Users/Acer/Desktop/Arquitectura/p7/contador/contador.vhd" into library work
Parsing VHDL file "C:/Users/Acer/Desktop/Arquitectura/p7/contador/T_contador.vhd" into library work
Starting static elaboration
Completed static elaboration
Fuse Memory Usage: 106116 KB
Fuse CPU Usage: 1107 ms
Compiling package standard
Compiling package std_logic_1164
Compiling package std_logic_arith
Compiling package std_logic_unsigned
Compiling architecture behavioral of entity contador [contador_default]
Compiling architecture behavior of entity t_contador
Time Resolution for simulation is 1ps.
Waiting for 2 sub-compilation(s) to finish...
Compiled 7 VHDL Units
Built simulation executable C:/Users/Acer/Desktop/Arquitectura/p7/contador/T_contador_isim_beh.exe
Fuse Memory Usage: 121140 KB
Fuse CPU Usage: 1466 ms
