Running: C:\Xilinx\14.7\ISE_DS\ISE\bin\nt\unwrapped\fuse.exe -intstyle ise -incremental -lib secureip -o C:/Users/Acer/Desktop/Arquitectura/p7/mux/t_mux_isim_beh.exe -prj C:/Users/Acer/Desktop/Arquitectura/p7/mux/t_mux_beh.prj work.t_mux 
ISim P.20131013 (signature 0x8ef4fb42)
Number of CPUs detected in this system: 2
Turning on mult-threading, number of parallel sub-compilation jobs: 4 
Determining compilation order of HDL files
Parsing VHDL file "C:/Users/Acer/Desktop/Arquitectura/p7/mux/mux.vhd" into library work
Parsing VHDL file "C:/Users/Acer/Desktop/Arquitectura/p7/mux/t_mux.vhd" into library work
Starting static elaboration
Completed static elaboration
Fuse Memory Usage: 105476 KB
Fuse CPU Usage: 1060 ms
Compiling package standard
Compiling package std_logic_1164
Compiling architecture behavioral of entity mux [mux_default]
Compiling architecture behavior of entity t_mux
Time Resolution for simulation is 1ps.
Waiting for 2 sub-compilation(s) to finish...
Compiled 5 VHDL Units
Built simulation executable C:/Users/Acer/Desktop/Arquitectura/p7/mux/t_mux_isim_beh.exe
Fuse Memory Usage: 114420 KB
Fuse CPU Usage: 1185 ms
