Command line:
   t_mux_isim_beh.exe
     -simmode  gui
     -simrunnum  0
     -socket  49871

Wed May 17 21:09:11 2017


 Elaboration Time: 0.156001 sec

 Current Memory Usage: 660.034 Meg

 Total Signals          : 6
 Total Nets             : 9
 Total Signal Drivers   : 3
 Total Blocks           : 3
 Total Primitive Blocks : 2
 Total Processes        : 2
 Total Traceable Variables  : 9
 Total Scalar Nets and Variables : 373
Total Line Count : 7

 Total Simulation Time: 0.312002 sec

 Current Memory Usage: 660.034 Meg

Wed May 17 21:12:35 2017

