Running: C:\Xilinx\14.7\ISE_DS\ISE\bin\nt\unwrapped\fuse.exe -intstyle ise -incremental -lib secureip -o C:/Users/Acer/Desktop/Arquitectura/p7/registro/t_registro_isim_beh.exe -prj C:/Users/Acer/Desktop/Arquitectura/p7/registro/t_registro_beh.prj work.t_registro 
ISim P.20131013 (signature 0x8ef4fb42)
Number of CPUs detected in this system: 2
Turning on mult-threading, number of parallel sub-compilation jobs: 4 
Determining compilation order of HDL files
Parsing VHDL file "C:/Users/Acer/Desktop/Arquitectura/p7/registro/registro.vhd" into library work
Parsing VHDL file "C:/Users/Acer/Desktop/Arquitectura/p7/registro/t_registro.vhd" into library work
Starting static elaboration
Completed static elaboration
Fuse Memory Usage: 106244 KB
Fuse CPU Usage: 1123 ms
Compiling package standard
Compiling package std_logic_1164
Compiling package std_logic_arith
Compiling package numeric_std
Compiling package std_logic_unsigned
Compiling architecture behavioral of entity registro [registro_default]
Compiling architecture behavior of entity t_registro
Time Resolution for simulation is 1ps.
Waiting for 3 sub-compilation(s) to finish...
Compiled 8 VHDL Units
Built simulation executable C:/Users/Acer/Desktop/Arquitectura/p7/registro/t_registro_isim_beh.exe
Fuse Memory Usage: 126132 KB
Fuse CPU Usage: 1825 ms
