ISim log file
Running: C:\Users\Acer\Desktop\Arquitectura\p4\T_p4t_File_isim_beh.exe -intstyle ise -gui -tclbatch isim.cmd -wdb C:/Users/Acer/Desktop/Arquitectura/p4/T_p4t_File_isim_beh.wdb 
ISim P.20131013 (signature 0x8ef4fb42)
WARNING: A WEBPACK license was found.
WARNING: Please use Xilinx License Configuration Manager to check out a full ISim license.
WARNING: ISim will run in Lite mode. Please refer to the ISim documentation for more information on the differences between the Lite and the Full version.
This is a Lite version of ISim.
Time resolution is 1 ps
# onerror resume
# wave add /
# run 1000 ns
Simulator is doing circuit initialization process.
Finished circuit initialization process.
at 135 ns(1): Error: Textio read:: called on empty string or line
at 135 ns(1): Error: HREAD Error: Read a '?', expected a Hex character (0-F).
at 135 ns(1): Error: Textio read:: called on empty string or line
at 135 ns(1): Error: HREAD Error: Read a '?', expected a Hex character (0-F).
at 135 ns(1): Error: Textio read:: called on empty string or line
at 135 ns(1): Error: HREAD Error: Read a '?', expected a Hex character (0-F).
at 135 ns(1): Error: Textio read:: called on empty string or line
at 135 ns(1): Error: HREAD Error: Read a '?', expected a Hex character (0-F).
at 135 ns(1): Error: Textio read:: called on empty string or line
at 135 ns(1): Error: HREAD Error: Read a '?', expected a Hex character (0-F).
at 135 ns(1): Error: Textio read:: called on empty string or line
at 135 ns(1): Error: READ(STD_ULOGIC) Error: Character '?' read, expected STD_ULOGIC literal.
at 135 ns(1): Error: Textio read:: called on empty string or line
at 135 ns(1): Error: READ(STD_ULOGIC) Error: Character '?' read, expected STD_ULOGIC literal.
at 135 ns(1): Error: Textio read:: called on empty string or line
at 135 ns(1): Error: READ(STD_ULOGIC) Error: Character '?' read, expected STD_ULOGIC literal.
at 135 ns(1): Error: Textio read:: called on empty string or line
at 135 ns(1): Error: READ(STD_ULOGIC) Error: Character '?' read, expected STD_ULOGIC literal.
at 145 ns(1): Error: Textio read:: called on empty string or line
at 145 ns(1): Error: HREAD Error: Read a '?', expected a Hex character (0-F).
at 145 ns(1): Error: Textio read:: called on empty string or line
at 145 ns(1): Error: HREAD Error: Read a '?', expected a Hex character (0-F).
at 145 ns(1): Error: Textio read:: called on empty string or line
at 145 ns(1): Error: HREAD Error: Read a '?', expected a Hex character (0-F).
at 145 ns(1): Error: Textio read:: called on empty string or line
at 145 ns(1): Error: HREAD Error: Read a '?', expected a Hex character (0-F).
at 145 ns(1): Error: Textio read:: called on empty string or line
at 145 ns(1): Error: HREAD Error: Read a '?', expected a Hex character (0-F).
at 145 ns(1): Error: Textio read:: called on empty string or line
at 145 ns(1): Error: READ(STD_ULOGIC) Error: Character '?' read, expected STD_ULOGIC literal.
at 145 ns(1): Error: Textio read:: called on empty string or line
at 145 ns(1): Error: READ(STD_ULOGIC) Error: Character '?' read, expected STD_ULOGIC literal.
at 145 ns(1): Error: Textio read:: called on empty string or line
at 145 ns(1): Error: READ(STD_ULOGIC) Error: Character '?' read, expected STD_ULOGIC literal.
at 145 ns(1): Error: Textio read:: called on empty string or line
at 145 ns(1): Error: READ(STD_ULOGIC) Error: Character '?' read, expected STD_ULOGIC literal.
